running egg_info
creating ../../build/mavros_interface/mavros_interface.egg-info
writing ../../build/mavros_interface/mavros_interface.egg-info/PKG-INFO
writing dependency_links to ../../build/mavros_interface/mavros_interface.egg-info/dependency_links.txt
writing entry points to ../../build/mavros_interface/mavros_interface.egg-info/entry_points.txt
writing requirements to ../../build/mavros_interface/mavros_interface.egg-info/requires.txt
writing top-level names to ../../build/mavros_interface/mavros_interface.egg-info/top_level.txt
writing manifest file '../../build/mavros_interface/mavros_interface.egg-info/SOURCES.txt'
reading manifest file '../../build/mavros_interface/mavros_interface.egg-info/SOURCES.txt'
writing manifest file '../../build/mavros_interface/mavros_interface.egg-info/SOURCES.txt'
running build
running build_py
creating /home/stajyer-pc/UAV-Assessment-Template/assessment_ws/build/mavros_interface/build
creating /home/stajyer-pc/UAV-Assessment-Template/assessment_ws/build/mavros_interface/build/lib
creating /home/stajyer-pc/UAV-Assessment-Template/assessment_ws/build/mavros_interface/build/lib/mavros_interface
copying mavros_interface/__init__.py -> /home/stajyer-pc/UAV-Assessment-Template/assessment_ws/build/mavros_interface/build/lib/mavros_interface
copying mavros_interface/node.py -> /home/stajyer-pc/UAV-Assessment-Template/assessment_ws/build/mavros_interface/build/lib/mavros_interface
running install
running install_lib
creating /home/stajyer-pc/UAV-Assessment-Template/assessment_ws/install/mavros_interface/lib/python3.10/site-packages/mavros_interface
copying /home/stajyer-pc/UAV-Assessment-Template/assessment_ws/build/mavros_interface/build/lib/mavros_interface/__init__.py -> /home/stajyer-pc/UAV-Assessment-Template/assessment_ws/install/mavros_interface/lib/python3.10/site-packages/mavros_interface
copying /home/stajyer-pc/UAV-Assessment-Template/assessment_ws/build/mavros_interface/build/lib/mavros_interface/node.py -> /home/stajyer-pc/UAV-Assessment-Template/assessment_ws/install/mavros_interface/lib/python3.10/site-packages/mavros_interface
byte-compiling /home/stajyer-pc/UAV-Assessment-Template/assessment_ws/install/mavros_interface/lib/python3.10/site-packages/mavros_interface/__init__.py to __init__.cpython-310.pyc
byte-compiling /home/stajyer-pc/UAV-Assessment-Template/assessment_ws/install/mavros_interface/lib/python3.10/site-packages/mavros_interface/node.py to node.cpython-310.pyc
running install_data
creating /home/stajyer-pc/UAV-Assessment-Template/assessment_ws/install/mavros_interface/share/ament_index
creating /home/stajyer-pc/UAV-Assessment-Template/assessment_ws/install/mavros_interface/share/ament_index/resource_index
creating /home/stajyer-pc/UAV-Assessment-Template/assessment_ws/install/mavros_interface/share/ament_index/resource_index/packages
copying resource/mavros_interface -> /home/stajyer-pc/UAV-Assessment-Template/assessment_ws/install/mavros_interface/share/ament_index/resource_index/packages
copying package.xml -> /home/stajyer-pc/UAV-Assessment-Template/assessment_ws/install/mavros_interface/share/mavros_interface
running install_egg_info
Copying ../../build/mavros_interface/mavros_interface.egg-info to /home/stajyer-pc/UAV-Assessment-Template/assessment_ws/install/mavros_interface/lib/python3.10/site-packages/mavros_interface-0.0.1-py3.10.egg-info
running install_scripts
writing list of installed files to '/home/stajyer-pc/UAV-Assessment-Template/assessment_ws/build/mavros_interface/install.log'
