[0.083s] DEBUG:colcon:Command line arguments: ['/usr/bin/colcon', 'build', '--symlink-install']
[0.083s] DEBUG:colcon:Parsed command line arguments: Namespace(log_base=None, log_level=None, verb_name='build', build_base='build', install_base='install', merge_install=False, symlink_install=True, test_result_base=None, continue_on_error=False, executor='parallel', parallel_workers=8, event_handlers=None, ignore_user_meta=False, metas=['./colcon.meta'], base_paths=['.'], packages_ignore=None, packages_ignore_regex=None, paths=None, packages_up_to=None, packages_up_to_regex=None, packages_above=None, packages_above_and_dependencies=None, packages_above_depth=None, packages_select_by_dep=None, packages_skip_by_dep=None, packages_skip_up_to=None, packages_select_build_failed=False, packages_skip_build_finished=False, packages_select_test_failures=False, packages_skip_test_passed=False, packages_select=None, packages_skip=None, packages_select_regex=None, packages_skip_regex=None, packages_start=None, packages_end=None, allow_overriding=[], cmake_args=None, cmake_target=None, cmake_target_skip_unavailable=False, cmake_clean_cache=False, cmake_clean_first=False, cmake_force_configure=False, ament_cmake_args=None, catkin_cmake_args=None, catkin_skip_building_tests=False, mixin_files=None, mixin=None, verb_parser=<colcon_mixin.mixin.mixin_argument.MixinArgumentDecorator object at 0x77f11e765b40>, verb_extension=<colcon_core.verb.build.BuildVerb object at 0x77f11e862ad0>, main=<bound method BuildVerb.main of <colcon_core.verb.build.BuildVerb object at 0x77f11e862ad0>>, mixin_verb=('build',))
[0.201s] Level 1:colcon.colcon_core.package_discovery:discover_packages(colcon_meta) check parameters
[0.201s] Level 1:colcon.colcon_core.package_discovery:discover_packages(recursive) check parameters
[0.202s] Level 1:colcon.colcon_core.package_discovery:discover_packages(ignore) check parameters
[0.202s] Level 1:colcon.colcon_core.package_discovery:discover_packages(path) check parameters
[0.202s] Level 1:colcon.colcon_core.package_discovery:discover_packages(colcon_meta) discover
[0.202s] Level 1:colcon.colcon_core.package_discovery:discover_packages(recursive) discover
[0.202s] INFO:colcon.colcon_core.package_discovery:Crawling recursively for packages in '/home/cagan/mulakat-test-titra'
[0.202s] Level 1:colcon.colcon_core.package_identification:_identify(.) by extensions ['ignore', 'ignore_ament_install']
[0.202s] Level 1:colcon.colcon_core.package_identification:_identify(.) by extension 'ignore'
[0.202s] Level 1:colcon.colcon_core.package_identification:_identify(.) by extension 'ignore_ament_install'
[0.202s] Level 1:colcon.colcon_core.package_identification:_identify(.) by extensions ['colcon_pkg']
[0.202s] Level 1:colcon.colcon_core.package_identification:_identify(.) by extension 'colcon_pkg'
[0.202s] Level 1:colcon.colcon_core.package_identification:_identify(.) by extensions ['colcon_meta']
[0.202s] Level 1:colcon.colcon_core.package_identification:_identify(.) by extension 'colcon_meta'
[0.202s] Level 1:colcon.colcon_core.package_identification:_identify(.) by extensions ['ros']
[0.202s] Level 1:colcon.colcon_core.package_identification:_identify(.) by extension 'ros'
[0.209s] Level 1:colcon.colcon_core.package_identification:_identify(.) by extensions ['cmake', 'python']
[0.209s] Level 1:colcon.colcon_core.package_identification:_identify(.) by extension 'cmake'
[0.210s] Level 1:colcon.colcon_core.package_identification:_identify(.) by extension 'python'
[0.210s] Level 1:colcon.colcon_core.package_identification:_identify(.) by extensions ['python_setup_py']
[0.210s] Level 1:colcon.colcon_core.package_identification:_identify(.) by extension 'python_setup_py'
[0.210s] Level 1:colcon.colcon_core.package_identification:_identify(assessment_ws) by extensions ['ignore', 'ignore_ament_install']
[0.210s] Level 1:colcon.colcon_core.package_identification:_identify(assessment_ws) by extension 'ignore'
[0.210s] Level 1:colcon.colcon_core.package_identification:_identify(assessment_ws) by extension 'ignore_ament_install'
[0.210s] Level 1:colcon.colcon_core.package_identification:_identify(assessment_ws) by extensions ['colcon_pkg']
[0.210s] Level 1:colcon.colcon_core.package_identification:_identify(assessment_ws) by extension 'colcon_pkg'
[0.210s] Level 1:colcon.colcon_core.package_identification:_identify(assessment_ws) by extensions ['colcon_meta']
[0.210s] Level 1:colcon.colcon_core.package_identification:_identify(assessment_ws) by extension 'colcon_meta'
[0.210s] Level 1:colcon.colcon_core.package_identification:_identify(assessment_ws) by extensions ['ros']
[0.210s] Level 1:colcon.colcon_core.package_identification:_identify(assessment_ws) by extension 'ros'
[0.210s] Level 1:colcon.colcon_core.package_identification:_identify(assessment_ws) by extensions ['cmake', 'python']
[0.210s] Level 1:colcon.colcon_core.package_identification:_identify(assessment_ws) by extension 'cmake'
[0.210s] Level 1:colcon.colcon_core.package_identification:_identify(assessment_ws) by extension 'python'
[0.210s] Level 1:colcon.colcon_core.package_identification:_identify(assessment_ws) by extensions ['python_setup_py']
[0.210s] Level 1:colcon.colcon_core.package_identification:_identify(assessment_ws) by extension 'python_setup_py'
[0.210s] Level 1:colcon.colcon_core.package_identification:_identify(assessment_ws/install) by extensions ['ignore', 'ignore_ament_install']
[0.210s] Level 1:colcon.colcon_core.package_identification:_identify(assessment_ws/install) by extension 'ignore'
[0.210s] Level 1:colcon.colcon_core.package_identification:_identify(assessment_ws/install) ignored
[0.210s] Level 1:colcon.colcon_core.package_identification:_identify(assessment_ws/log) by extensions ['ignore', 'ignore_ament_install']
[0.210s] Level 1:colcon.colcon_core.package_identification:_identify(assessment_ws/log) by extension 'ignore'
[0.210s] Level 1:colcon.colcon_core.package_identification:_identify(assessment_ws/log) ignored
[0.210s] Level 1:colcon.colcon_core.package_identification:_identify(assessment_ws/src) by extensions ['ignore', 'ignore_ament_install']
[0.210s] Level 1:colcon.colcon_core.package_identification:_identify(assessment_ws/src) by extension 'ignore'
[0.210s] Level 1:colcon.colcon_core.package_identification:_identify(assessment_ws/src) by extension 'ignore_ament_install'
[0.210s] Level 1:colcon.colcon_core.package_identification:_identify(assessment_ws/src) by extensions ['colcon_pkg']
[0.210s] Level 1:colcon.colcon_core.package_identification:_identify(assessment_ws/src) by extension 'colcon_pkg'
[0.211s] Level 1:colcon.colcon_core.package_identification:_identify(assessment_ws/src) by extensions ['colcon_meta']
[0.211s] Level 1:colcon.colcon_core.package_identification:_identify(assessment_ws/src) by extension 'colcon_meta'
[0.211s] Level 1:colcon.colcon_core.package_identification:_identify(assessment_ws/src) by extensions ['ros']
[0.211s] Level 1:colcon.colcon_core.package_identification:_identify(assessment_ws/src) by extension 'ros'
[0.211s] Level 1:colcon.colcon_core.package_identification:_identify(assessment_ws/src) by extensions ['cmake', 'python']
[0.211s] Level 1:colcon.colcon_core.package_identification:_identify(assessment_ws/src) by extension 'cmake'
[0.211s] Level 1:colcon.colcon_core.package_identification:_identify(assessment_ws/src) by extension 'python'
[0.211s] Level 1:colcon.colcon_core.package_identification:_identify(assessment_ws/src) by extensions ['python_setup_py']
[0.211s] Level 1:colcon.colcon_core.package_identification:_identify(assessment_ws/src) by extension 'python_setup_py'
[0.211s] Level 1:colcon.colcon_core.package_identification:_identify(assessment_ws/src/candidate_package) by extensions ['ignore', 'ignore_ament_install']
[0.211s] Level 1:colcon.colcon_core.package_identification:_identify(assessment_ws/src/candidate_package) by extension 'ignore'
[0.211s] Level 1:colcon.colcon_core.package_identification:_identify(assessment_ws/src/candidate_package) by extension 'ignore_ament_install'
[0.211s] Level 1:colcon.colcon_core.package_identification:_identify(assessment_ws/src/candidate_package) by extensions ['colcon_pkg']
[0.211s] Level 1:colcon.colcon_core.package_identification:_identify(assessment_ws/src/candidate_package) by extension 'colcon_pkg'
[0.211s] Level 1:colcon.colcon_core.package_identification:_identify(assessment_ws/src/candidate_package) by extensions ['colcon_meta']
[0.211s] Level 1:colcon.colcon_core.package_identification:_identify(assessment_ws/src/candidate_package) by extension 'colcon_meta'
[0.211s] Level 1:colcon.colcon_core.package_identification:_identify(assessment_ws/src/candidate_package) by extensions ['ros']
[0.211s] Level 1:colcon.colcon_core.package_identification:_identify(assessment_ws/src/candidate_package) by extension 'ros'
[0.213s] DEBUG:colcon.colcon_core.package_identification:Package 'assessment_ws/src/candidate_package' with type 'ros.ament_python' and name 'candidate_package'
[0.213s] Level 1:colcon.colcon_core.package_identification:_identify(assessment_ws/src/mavros_interface) by extensions ['ignore', 'ignore_ament_install']
[0.213s] Level 1:colcon.colcon_core.package_identification:_identify(assessment_ws/src/mavros_interface) by extension 'ignore'
[0.213s] Level 1:colcon.colcon_core.package_identification:_identify(assessment_ws/src/mavros_interface) by extension 'ignore_ament_install'
[0.213s] Level 1:colcon.colcon_core.package_identification:_identify(assessment_ws/src/mavros_interface) by extensions ['colcon_pkg']
[0.213s] Level 1:colcon.colcon_core.package_identification:_identify(assessment_ws/src/mavros_interface) by extension 'colcon_pkg'
[0.213s] Level 1:colcon.colcon_core.package_identification:_identify(assessment_ws/src/mavros_interface) by extensions ['colcon_meta']
[0.213s] Level 1:colcon.colcon_core.package_identification:_identify(assessment_ws/src/mavros_interface) by extension 'colcon_meta'
[0.213s] Level 1:colcon.colcon_core.package_identification:_identify(assessment_ws/src/mavros_interface) by extensions ['ros']
[0.213s] Level 1:colcon.colcon_core.package_identification:_identify(assessment_ws/src/mavros_interface) by extension 'ros'
[0.214s] DEBUG:colcon.colcon_core.package_identification:Package 'assessment_ws/src/mavros_interface' with type 'ros.ament_python' and name 'mavros_interface'
[0.214s] Level 1:colcon.colcon_core.package_identification:_identify(assessment_ws/src/test_package) by extensions ['ignore', 'ignore_ament_install']
[0.214s] Level 1:colcon.colcon_core.package_identification:_identify(assessment_ws/src/test_package) by extension 'ignore'
[0.214s] Level 1:colcon.colcon_core.package_identification:_identify(assessment_ws/src/test_package) by extension 'ignore_ament_install'
[0.214s] Level 1:colcon.colcon_core.package_identification:_identify(assessment_ws/src/test_package) by extensions ['colcon_pkg']
[0.214s] Level 1:colcon.colcon_core.package_identification:_identify(assessment_ws/src/test_package) by extension 'colcon_pkg'
[0.214s] Level 1:colcon.colcon_core.package_identification:_identify(assessment_ws/src/test_package) by extensions ['colcon_meta']
[0.214s] Level 1:colcon.colcon_core.package_identification:_identify(assessment_ws/src/test_package) by extension 'colcon_meta'
[0.214s] Level 1:colcon.colcon_core.package_identification:_identify(assessment_ws/src/test_package) by extensions ['ros']
[0.214s] Level 1:colcon.colcon_core.package_identification:_identify(assessment_ws/src/test_package) by extension 'ros'
[0.214s] DEBUG:colcon.colcon_core.package_identification:Package 'assessment_ws/src/test_package' with type 'ros.ament_python' and name 'test_package'
[0.215s] Level 1:colcon.colcon_core.package_identification:_identify(build) by extensions ['ignore', 'ignore_ament_install']
[0.215s] Level 1:colcon.colcon_core.package_identification:_identify(build) by extension 'ignore'
[0.215s] Level 1:colcon.colcon_core.package_identification:_identify(build) ignored
[0.215s] Level 1:colcon.colcon_core.package_identification:_identify(install) by extensions ['ignore', 'ignore_ament_install']
[0.215s] Level 1:colcon.colcon_core.package_identification:_identify(install) by extension 'ignore'
[0.215s] Level 1:colcon.colcon_core.package_identification:_identify(install) ignored
[0.215s] Level 1:colcon.colcon_core.package_identification:_identify(log) by extensions ['ignore', 'ignore_ament_install']
[0.215s] Level 1:colcon.colcon_core.package_identification:_identify(log) by extension 'ignore'
[0.215s] Level 1:colcon.colcon_core.package_identification:_identify(log) ignored
[0.215s] Level 1:colcon.colcon_core.package_discovery:discover_packages(recursive) using defaults
[0.215s] Level 1:colcon.colcon_core.package_discovery:discover_packages(ignore) discover
[0.215s] Level 1:colcon.colcon_core.package_discovery:discover_packages(ignore) using defaults
[0.215s] Level 1:colcon.colcon_core.package_discovery:discover_packages(path) discover
[0.215s] Level 1:colcon.colcon_core.package_discovery:discover_packages(path) using defaults
[0.245s] Level 1:colcon.colcon_core.package_discovery:discover_packages(prefix_path) check parameters
[0.245s] Level 1:colcon.colcon_core.package_discovery:discover_packages(prefix_path) discover
[0.247s] DEBUG:colcon.colcon_installed_package_information.package_discovery:Found 281 installed packages in /opt/ros/humble
[0.248s] Level 1:colcon.colcon_core.package_discovery:discover_packages(prefix_path) using defaults
[0.273s] Level 5:colcon.colcon_core.verb:set package 'mavros_interface' build argument 'cmake_args' from command line to 'None'
[0.273s] Level 5:colcon.colcon_core.verb:set package 'mavros_interface' build argument 'cmake_target' from command line to 'None'
[0.273s] Level 5:colcon.colcon_core.verb:set package 'mavros_interface' build argument 'cmake_target_skip_unavailable' from command line to 'False'
[0.273s] Level 5:colcon.colcon_core.verb:set package 'mavros_interface' build argument 'cmake_clean_cache' from command line to 'False'
[0.273s] Level 5:colcon.colcon_core.verb:set package 'mavros_interface' build argument 'cmake_clean_first' from command line to 'False'
[0.273s] Level 5:colcon.colcon_core.verb:set package 'mavros_interface' build argument 'cmake_force_configure' from command line to 'False'
[0.273s] Level 5:colcon.colcon_core.verb:set package 'mavros_interface' build argument 'ament_cmake_args' from command line to 'None'
[0.273s] Level 5:colcon.colcon_core.verb:set package 'mavros_interface' build argument 'catkin_cmake_args' from command line to 'None'
[0.273s] Level 5:colcon.colcon_core.verb:set package 'mavros_interface' build argument 'catkin_skip_building_tests' from command line to 'False'
[0.273s] DEBUG:colcon.colcon_core.verb:Building package 'mavros_interface' with the following arguments: {'ament_cmake_args': None, 'build_base': '/home/cagan/mulakat-test-titra/build/mavros_interface', 'catkin_cmake_args': None, 'catkin_skip_building_tests': False, 'cmake_args': None, 'cmake_clean_cache': False, 'cmake_clean_first': False, 'cmake_force_configure': False, 'cmake_target': None, 'cmake_target_skip_unavailable': False, 'install_base': '/home/cagan/mulakat-test-titra/install/mavros_interface', 'merge_install': False, 'path': '/home/cagan/mulakat-test-titra/assessment_ws/src/mavros_interface', 'symlink_install': True, 'test_result_base': None}
[0.274s] Level 5:colcon.colcon_core.verb:set package 'candidate_package' build argument 'cmake_args' from command line to 'None'
[0.274s] Level 5:colcon.colcon_core.verb:set package 'candidate_package' build argument 'cmake_target' from command line to 'None'
[0.274s] Level 5:colcon.colcon_core.verb:set package 'candidate_package' build argument 'cmake_target_skip_unavailable' from command line to 'False'
[0.274s] Level 5:colcon.colcon_core.verb:set package 'candidate_package' build argument 'cmake_clean_cache' from command line to 'False'
[0.274s] Level 5:colcon.colcon_core.verb:set package 'candidate_package' build argument 'cmake_clean_first' from command line to 'False'
[0.274s] Level 5:colcon.colcon_core.verb:set package 'candidate_package' build argument 'cmake_force_configure' from command line to 'False'
[0.274s] Level 5:colcon.colcon_core.verb:set package 'candidate_package' build argument 'ament_cmake_args' from command line to 'None'
[0.274s] Level 5:colcon.colcon_core.verb:set package 'candidate_package' build argument 'catkin_cmake_args' from command line to 'None'
[0.274s] Level 5:colcon.colcon_core.verb:set package 'candidate_package' build argument 'catkin_skip_building_tests' from command line to 'False'
[0.274s] DEBUG:colcon.colcon_core.verb:Building package 'candidate_package' with the following arguments: {'ament_cmake_args': None, 'build_base': '/home/cagan/mulakat-test-titra/build/candidate_package', 'catkin_cmake_args': None, 'catkin_skip_building_tests': False, 'cmake_args': None, 'cmake_clean_cache': False, 'cmake_clean_first': False, 'cmake_force_configure': False, 'cmake_target': None, 'cmake_target_skip_unavailable': False, 'install_base': '/home/cagan/mulakat-test-titra/install/candidate_package', 'merge_install': False, 'path': '/home/cagan/mulakat-test-titra/assessment_ws/src/candidate_package', 'symlink_install': True, 'test_result_base': None}
[0.274s] Level 5:colcon.colcon_core.verb:set package 'test_package' build argument 'cmake_args' from command line to 'None'
[0.274s] Level 5:colcon.colcon_core.verb:set package 'test_package' build argument 'cmake_target' from command line to 'None'
[0.274s] Level 5:colcon.colcon_core.verb:set package 'test_package' build argument 'cmake_target_skip_unavailable' from command line to 'False'
[0.274s] Level 5:colcon.colcon_core.verb:set package 'test_package' build argument 'cmake_clean_cache' from command line to 'False'
[0.274s] Level 5:colcon.colcon_core.verb:set package 'test_package' build argument 'cmake_clean_first' from command line to 'False'
[0.274s] Level 5:colcon.colcon_core.verb:set package 'test_package' build argument 'cmake_force_configure' from command line to 'False'
[0.274s] Level 5:colcon.colcon_core.verb:set package 'test_package' build argument 'ament_cmake_args' from command line to 'None'
[0.274s] Level 5:colcon.colcon_core.verb:set package 'test_package' build argument 'catkin_cmake_args' from command line to 'None'
[0.274s] Level 5:colcon.colcon_core.verb:set package 'test_package' build argument 'catkin_skip_building_tests' from command line to 'False'
[0.274s] DEBUG:colcon.colcon_core.verb:Building package 'test_package' with the following arguments: {'ament_cmake_args': None, 'build_base': '/home/cagan/mulakat-test-titra/build/test_package', 'catkin_cmake_args': None, 'catkin_skip_building_tests': False, 'cmake_args': None, 'cmake_clean_cache': False, 'cmake_clean_first': False, 'cmake_force_configure': False, 'cmake_target': None, 'cmake_target_skip_unavailable': False, 'install_base': '/home/cagan/mulakat-test-titra/install/test_package', 'merge_install': False, 'path': '/home/cagan/mulakat-test-titra/assessment_ws/src/test_package', 'symlink_install': True, 'test_result_base': None}
[0.274s] INFO:colcon.colcon_core.executor:Executing jobs using 'parallel' executor
[0.275s] DEBUG:colcon.colcon_parallel_executor.executor.parallel:run_until_complete
[0.275s] INFO:colcon.colcon_ros.task.ament_python.build:Building ROS package in '/home/cagan/mulakat-test-titra/assessment_ws/src/mavros_interface' with build type 'ament_python'
[0.275s] Level 1:colcon.colcon_core.shell:create_environment_hook('mavros_interface', 'ament_prefix_path')
[0.276s] INFO:colcon.colcon_core.plugin_system:Skipping extension 'colcon_core.shell.bat': Not used on non-Windows systems
[0.277s] INFO:colcon.colcon_core.shell:Creating environment hook '/home/cagan/mulakat-test-titra/install/mavros_interface/share/mavros_interface/hook/ament_prefix_path.ps1'
[0.278s] INFO:colcon.colcon_core.shell:Creating environment descriptor '/home/cagan/mulakat-test-titra/install/mavros_interface/share/mavros_interface/hook/ament_prefix_path.dsv'
[0.279s] INFO:colcon.colcon_core.shell:Creating environment hook '/home/cagan/mulakat-test-titra/install/mavros_interface/share/mavros_interface/hook/ament_prefix_path.sh'
[0.279s] INFO:colcon.colcon_core.shell:Skip shell extension 'powershell' for command environment: Not usable outside of PowerShell
[0.279s] DEBUG:colcon.colcon_core.shell:Skip shell extension 'dsv' for command environment
[0.464s] INFO:colcon.colcon_core.task.python.build:Building Python package in '/home/cagan/mulakat-test-titra/assessment_ws/src/mavros_interface'
[0.464s] INFO:colcon.colcon_core.shell:Skip shell extension 'powershell' for command environment: Not usable outside of PowerShell
[0.464s] DEBUG:colcon.colcon_core.shell:Skip shell extension 'dsv' for command environment
[0.708s] DEBUG:colcon.colcon_core.event_handler.log_command:Invoking command in '/home/cagan/mulakat-test-titra/build/mavros_interface': PYTHONPATH=/home/cagan/mulakat-test-titra/build/mavros_interface/prefix_override:/usr/lib/python3/dist-packages/colcon_core/task/python/colcon_distutils_commands:/home/cagan/mulakat-test-titra/install/mavros_interface/lib/python3.10/site-packages:${PYTHONPATH} /usr/bin/python3 -W ignore:setup.py install is deprecated -W ignore:easy_install command is deprecated setup.py develop --editable --build-directory /home/cagan/mulakat-test-titra/build/mavros_interface/build --no-deps symlink_data
[1.016s] Level 1:colcon.colcon_core.shell:create_environment_hook('mavros_interface', 'pythonpath_develop')
[1.016s] INFO:colcon.colcon_core.shell:Creating environment hook '/home/cagan/mulakat-test-titra/build/mavros_interface/share/mavros_interface/hook/pythonpath_develop.ps1'
[1.017s] DEBUG:colcon.colcon_core.event_handler.log_command:Invoked command in '/home/cagan/mulakat-test-titra/build/mavros_interface' returned '0': PYTHONPATH=/home/cagan/mulakat-test-titra/build/mavros_interface/prefix_override:/usr/lib/python3/dist-packages/colcon_core/task/python/colcon_distutils_commands:/home/cagan/mulakat-test-titra/install/mavros_interface/lib/python3.10/site-packages:${PYTHONPATH} /usr/bin/python3 -W ignore:setup.py install is deprecated -W ignore:easy_install command is deprecated setup.py develop --editable --build-directory /home/cagan/mulakat-test-titra/build/mavros_interface/build --no-deps symlink_data
[1.017s] INFO:colcon.colcon_core.shell:Creating environment descriptor '/home/cagan/mulakat-test-titra/build/mavros_interface/share/mavros_interface/hook/pythonpath_develop.dsv'
[1.017s] INFO:colcon.colcon_core.shell:Creating environment hook '/home/cagan/mulakat-test-titra/build/mavros_interface/share/mavros_interface/hook/pythonpath_develop.sh'
[1.020s] Level 1:colcon.colcon_core.environment:checking '/home/cagan/mulakat-test-titra/install/mavros_interface' for CMake module files
[1.020s] Level 1:colcon.colcon_core.environment:checking '/home/cagan/mulakat-test-titra/install/mavros_interface' for CMake config files
[1.021s] Level 1:colcon.colcon_core.environment:checking '/home/cagan/mulakat-test-titra/install/mavros_interface/lib'
[1.021s] Level 1:colcon.colcon_core.environment:checking '/home/cagan/mulakat-test-titra/install/mavros_interface/bin'
[1.021s] Level 1:colcon.colcon_core.environment:checking '/home/cagan/mulakat-test-titra/install/mavros_interface/lib/pkgconfig/mavros_interface.pc'
[1.021s] Level 1:colcon.colcon_core.environment:checking '/home/cagan/mulakat-test-titra/install/mavros_interface/lib/python3.10/site-packages'
[1.021s] Level 1:colcon.colcon_core.shell:create_environment_hook('mavros_interface', 'pythonpath')
[1.021s] INFO:colcon.colcon_core.shell:Creating environment hook '/home/cagan/mulakat-test-titra/install/mavros_interface/share/mavros_interface/hook/pythonpath.ps1'
[1.021s] INFO:colcon.colcon_core.shell:Creating environment descriptor '/home/cagan/mulakat-test-titra/install/mavros_interface/share/mavros_interface/hook/pythonpath.dsv'
[1.022s] INFO:colcon.colcon_core.shell:Creating environment hook '/home/cagan/mulakat-test-titra/install/mavros_interface/share/mavros_interface/hook/pythonpath.sh'
[1.022s] Level 1:colcon.colcon_core.environment:checking '/home/cagan/mulakat-test-titra/install/mavros_interface/bin'
[1.022s] Level 1:colcon.colcon_core.environment:create_environment_scripts_only(mavros_interface)
[1.022s] INFO:colcon.colcon_core.shell:Creating package script '/home/cagan/mulakat-test-titra/install/mavros_interface/share/mavros_interface/package.ps1'
[1.023s] INFO:colcon.colcon_core.shell:Creating package descriptor '/home/cagan/mulakat-test-titra/install/mavros_interface/share/mavros_interface/package.dsv'
[1.023s] INFO:colcon.colcon_core.shell:Creating package script '/home/cagan/mulakat-test-titra/install/mavros_interface/share/mavros_interface/package.sh'
[1.024s] INFO:colcon.colcon_core.shell:Creating package script '/home/cagan/mulakat-test-titra/install/mavros_interface/share/mavros_interface/package.bash'
[1.024s] INFO:colcon.colcon_core.shell:Creating package script '/home/cagan/mulakat-test-titra/install/mavros_interface/share/mavros_interface/package.zsh'
[1.025s] Level 1:colcon.colcon_core.environment:create_file_with_runtime_dependencies(/home/cagan/mulakat-test-titra/install/mavros_interface/share/colcon-core/packages/mavros_interface)
[1.025s] INFO:colcon.colcon_ros.task.ament_python.build:Building ROS package in '/home/cagan/mulakat-test-titra/assessment_ws/src/candidate_package' with build type 'ament_python'
[1.025s] Level 1:colcon.colcon_core.shell:create_environment_hook('candidate_package', 'ament_prefix_path')
[1.025s] INFO:colcon.colcon_core.shell:Creating environment hook '/home/cagan/mulakat-test-titra/install/candidate_package/share/candidate_package/hook/ament_prefix_path.ps1'
[1.026s] INFO:colcon.colcon_core.shell:Creating environment descriptor '/home/cagan/mulakat-test-titra/install/candidate_package/share/candidate_package/hook/ament_prefix_path.dsv'
[1.026s] INFO:colcon.colcon_core.shell:Creating environment hook '/home/cagan/mulakat-test-titra/install/candidate_package/share/candidate_package/hook/ament_prefix_path.sh'
[1.026s] INFO:colcon.colcon_core.shell:Skip shell extension 'powershell' for command environment: Not usable outside of PowerShell
[1.026s] DEBUG:colcon.colcon_core.shell:Skip shell extension 'dsv' for command environment
[1.210s] INFO:colcon.colcon_core.task.python.build:Building Python package in '/home/cagan/mulakat-test-titra/assessment_ws/src/candidate_package'
[1.210s] INFO:colcon.colcon_core.shell:Skip shell extension 'powershell' for command environment: Not usable outside of PowerShell
[1.210s] DEBUG:colcon.colcon_core.shell:Skip shell extension 'dsv' for command environment
[1.439s] DEBUG:colcon.colcon_core.event_handler.log_command:Invoking command in '/home/cagan/mulakat-test-titra/build/candidate_package': AMENT_PREFIX_PATH=/home/cagan/mulakat-test-titra/install/mavros_interface:${AMENT_PREFIX_PATH} PYTHONPATH=/home/cagan/mulakat-test-titra/build/candidate_package/prefix_override:/usr/lib/python3/dist-packages/colcon_core/task/python/colcon_distutils_commands:/home/cagan/mulakat-test-titra/install/candidate_package/lib/python3.10/site-packages:/home/cagan/mulakat-test-titra/build/mavros_interface:/home/cagan/mulakat-test-titra/install/mavros_interface/lib/python3.10/site-packages:${PYTHONPATH} /usr/bin/python3 -W ignore:setup.py install is deprecated -W ignore:easy_install command is deprecated setup.py develop --editable --build-directory /home/cagan/mulakat-test-titra/build/candidate_package/build --no-deps symlink_data
[1.774s] Level 1:colcon.colcon_core.shell:create_environment_hook('candidate_package', 'pythonpath_develop')
[1.774s] INFO:colcon.colcon_core.shell:Creating environment hook '/home/cagan/mulakat-test-titra/build/candidate_package/share/candidate_package/hook/pythonpath_develop.ps1'
[1.775s] DEBUG:colcon.colcon_core.event_handler.log_command:Invoked command in '/home/cagan/mulakat-test-titra/build/candidate_package' returned '0': AMENT_PREFIX_PATH=/home/cagan/mulakat-test-titra/install/mavros_interface:${AMENT_PREFIX_PATH} PYTHONPATH=/home/cagan/mulakat-test-titra/build/candidate_package/prefix_override:/usr/lib/python3/dist-packages/colcon_core/task/python/colcon_distutils_commands:/home/cagan/mulakat-test-titra/install/candidate_package/lib/python3.10/site-packages:/home/cagan/mulakat-test-titra/build/mavros_interface:/home/cagan/mulakat-test-titra/install/mavros_interface/lib/python3.10/site-packages:${PYTHONPATH} /usr/bin/python3 -W ignore:setup.py install is deprecated -W ignore:easy_install command is deprecated setup.py develop --editable --build-directory /home/cagan/mulakat-test-titra/build/candidate_package/build --no-deps symlink_data
[1.775s] INFO:colcon.colcon_core.shell:Creating environment descriptor '/home/cagan/mulakat-test-titra/build/candidate_package/share/candidate_package/hook/pythonpath_develop.dsv'
[1.775s] INFO:colcon.colcon_core.shell:Creating environment hook '/home/cagan/mulakat-test-titra/build/candidate_package/share/candidate_package/hook/pythonpath_develop.sh'
[1.776s] Level 1:colcon.colcon_core.environment:checking '/home/cagan/mulakat-test-titra/install/candidate_package' for CMake module files
[1.776s] Level 1:colcon.colcon_core.environment:checking '/home/cagan/mulakat-test-titra/install/candidate_package' for CMake config files
[1.776s] Level 1:colcon.colcon_core.environment:checking '/home/cagan/mulakat-test-titra/install/candidate_package/lib'
[1.776s] Level 1:colcon.colcon_core.environment:checking '/home/cagan/mulakat-test-titra/install/candidate_package/bin'
[1.776s] Level 1:colcon.colcon_core.environment:checking '/home/cagan/mulakat-test-titra/install/candidate_package/lib/pkgconfig/candidate_package.pc'
[1.777s] Level 1:colcon.colcon_core.environment:checking '/home/cagan/mulakat-test-titra/install/candidate_package/lib/python3.10/site-packages'
[1.777s] Level 1:colcon.colcon_core.shell:create_environment_hook('candidate_package', 'pythonpath')
[1.777s] INFO:colcon.colcon_core.shell:Creating environment hook '/home/cagan/mulakat-test-titra/install/candidate_package/share/candidate_package/hook/pythonpath.ps1'
[1.777s] INFO:colcon.colcon_core.shell:Creating environment descriptor '/home/cagan/mulakat-test-titra/install/candidate_package/share/candidate_package/hook/pythonpath.dsv'
[1.777s] INFO:colcon.colcon_core.shell:Creating environment hook '/home/cagan/mulakat-test-titra/install/candidate_package/share/candidate_package/hook/pythonpath.sh'
[1.777s] Level 1:colcon.colcon_core.environment:checking '/home/cagan/mulakat-test-titra/install/candidate_package/bin'
[1.777s] Level 1:colcon.colcon_core.environment:create_environment_scripts_only(candidate_package)
[1.778s] INFO:colcon.colcon_core.shell:Creating package script '/home/cagan/mulakat-test-titra/install/candidate_package/share/candidate_package/package.ps1'
[1.778s] INFO:colcon.colcon_core.shell:Creating package descriptor '/home/cagan/mulakat-test-titra/install/candidate_package/share/candidate_package/package.dsv'
[1.779s] INFO:colcon.colcon_core.shell:Creating package script '/home/cagan/mulakat-test-titra/install/candidate_package/share/candidate_package/package.sh'
[1.779s] INFO:colcon.colcon_core.shell:Creating package script '/home/cagan/mulakat-test-titra/install/candidate_package/share/candidate_package/package.bash'
[1.779s] INFO:colcon.colcon_core.shell:Creating package script '/home/cagan/mulakat-test-titra/install/candidate_package/share/candidate_package/package.zsh'
[1.779s] Level 1:colcon.colcon_core.environment:create_file_with_runtime_dependencies(/home/cagan/mulakat-test-titra/install/candidate_package/share/colcon-core/packages/candidate_package)
[1.779s] INFO:colcon.colcon_ros.task.ament_python.build:Building ROS package in '/home/cagan/mulakat-test-titra/assessment_ws/src/test_package' with build type 'ament_python'
[1.780s] Level 1:colcon.colcon_core.shell:create_environment_hook('test_package', 'ament_prefix_path')
[1.780s] INFO:colcon.colcon_core.shell:Creating environment hook '/home/cagan/mulakat-test-titra/install/test_package/share/test_package/hook/ament_prefix_path.ps1'
[1.780s] INFO:colcon.colcon_core.shell:Creating environment descriptor '/home/cagan/mulakat-test-titra/install/test_package/share/test_package/hook/ament_prefix_path.dsv'
[1.781s] INFO:colcon.colcon_core.shell:Creating environment hook '/home/cagan/mulakat-test-titra/install/test_package/share/test_package/hook/ament_prefix_path.sh'
[1.781s] INFO:colcon.colcon_core.shell:Skip shell extension 'powershell' for command environment: Not usable outside of PowerShell
[1.781s] DEBUG:colcon.colcon_core.shell:Skip shell extension 'dsv' for command environment
[2.023s] INFO:colcon.colcon_core.task.python.build:Building Python package in '/home/cagan/mulakat-test-titra/assessment_ws/src/test_package'
[2.023s] INFO:colcon.colcon_core.shell:Skip shell extension 'powershell' for command environment: Not usable outside of PowerShell
[2.023s] DEBUG:colcon.colcon_core.shell:Skip shell extension 'dsv' for command environment
[2.380s] DEBUG:colcon.colcon_core.event_handler.log_command:Invoking command in '/home/cagan/mulakat-test-titra/build/test_package': AMENT_PREFIX_PATH=/home/cagan/mulakat-test-titra/install/candidate_package:/home/cagan/mulakat-test-titra/install/mavros_interface:${AMENT_PREFIX_PATH} PYTHONPATH=/home/cagan/mulakat-test-titra/build/test_package/prefix_override:/usr/lib/python3/dist-packages/colcon_core/task/python/colcon_distutils_commands:/home/cagan/mulakat-test-titra/install/test_package/lib/python3.10/site-packages:/home/cagan/mulakat-test-titra/build/candidate_package:/home/cagan/mulakat-test-titra/install/candidate_package/lib/python3.10/site-packages:/home/cagan/mulakat-test-titra/build/mavros_interface:/home/cagan/mulakat-test-titra/install/mavros_interface/lib/python3.10/site-packages:${PYTHONPATH} /usr/bin/python3 -W ignore:setup.py install is deprecated -W ignore:easy_install command is deprecated setup.py develop --editable --build-directory /home/cagan/mulakat-test-titra/build/test_package/build --no-deps symlink_data
[2.742s] Level 1:colcon.colcon_core.shell:create_environment_hook('test_package', 'pythonpath_develop')
[2.742s] INFO:colcon.colcon_core.shell:Creating environment hook '/home/cagan/mulakat-test-titra/build/test_package/share/test_package/hook/pythonpath_develop.ps1'
[2.743s] DEBUG:colcon.colcon_core.event_handler.log_command:Invoked command in '/home/cagan/mulakat-test-titra/build/test_package' returned '0': AMENT_PREFIX_PATH=/home/cagan/mulakat-test-titra/install/candidate_package:/home/cagan/mulakat-test-titra/install/mavros_interface:${AMENT_PREFIX_PATH} PYTHONPATH=/home/cagan/mulakat-test-titra/build/test_package/prefix_override:/usr/lib/python3/dist-packages/colcon_core/task/python/colcon_distutils_commands:/home/cagan/mulakat-test-titra/install/test_package/lib/python3.10/site-packages:/home/cagan/mulakat-test-titra/build/candidate_package:/home/cagan/mulakat-test-titra/install/candidate_package/lib/python3.10/site-packages:/home/cagan/mulakat-test-titra/build/mavros_interface:/home/cagan/mulakat-test-titra/install/mavros_interface/lib/python3.10/site-packages:${PYTHONPATH} /usr/bin/python3 -W ignore:setup.py install is deprecated -W ignore:easy_install command is deprecated setup.py develop --editable --build-directory /home/cagan/mulakat-test-titra/build/test_package/build --no-deps symlink_data
[2.743s] INFO:colcon.colcon_core.shell:Creating environment descriptor '/home/cagan/mulakat-test-titra/build/test_package/share/test_package/hook/pythonpath_develop.dsv'
[2.744s] INFO:colcon.colcon_core.shell:Creating environment hook '/home/cagan/mulakat-test-titra/build/test_package/share/test_package/hook/pythonpath_develop.sh'
[2.744s] Level 1:colcon.colcon_core.environment:checking '/home/cagan/mulakat-test-titra/install/test_package' for CMake module files
[2.745s] Level 1:colcon.colcon_core.environment:checking '/home/cagan/mulakat-test-titra/install/test_package' for CMake config files
[2.745s] Level 1:colcon.colcon_core.environment:checking '/home/cagan/mulakat-test-titra/install/test_package/lib'
[2.745s] Level 1:colcon.colcon_core.environment:checking '/home/cagan/mulakat-test-titra/install/test_package/bin'
[2.745s] Level 1:colcon.colcon_core.environment:checking '/home/cagan/mulakat-test-titra/install/test_package/lib/pkgconfig/test_package.pc'
[2.746s] Level 1:colcon.colcon_core.environment:checking '/home/cagan/mulakat-test-titra/install/test_package/lib/python3.10/site-packages'
[2.746s] Level 1:colcon.colcon_core.shell:create_environment_hook('test_package', 'pythonpath')
[2.746s] INFO:colcon.colcon_core.shell:Creating environment hook '/home/cagan/mulakat-test-titra/install/test_package/share/test_package/hook/pythonpath.ps1'
[2.746s] INFO:colcon.colcon_core.shell:Creating environment descriptor '/home/cagan/mulakat-test-titra/install/test_package/share/test_package/hook/pythonpath.dsv'
[2.746s] INFO:colcon.colcon_core.shell:Creating environment hook '/home/cagan/mulakat-test-titra/install/test_package/share/test_package/hook/pythonpath.sh'
[2.747s] Level 1:colcon.colcon_core.environment:checking '/home/cagan/mulakat-test-titra/install/test_package/bin'
[2.747s] Level 1:colcon.colcon_core.environment:create_environment_scripts_only(test_package)
[2.747s] INFO:colcon.colcon_core.shell:Creating package script '/home/cagan/mulakat-test-titra/install/test_package/share/test_package/package.ps1'
[2.748s] INFO:colcon.colcon_core.shell:Creating package descriptor '/home/cagan/mulakat-test-titra/install/test_package/share/test_package/package.dsv'
[2.748s] INFO:colcon.colcon_core.shell:Creating package script '/home/cagan/mulakat-test-titra/install/test_package/share/test_package/package.sh'
[2.749s] INFO:colcon.colcon_core.shell:Creating package script '/home/cagan/mulakat-test-titra/install/test_package/share/test_package/package.bash'
[2.749s] INFO:colcon.colcon_core.shell:Creating package script '/home/cagan/mulakat-test-titra/install/test_package/share/test_package/package.zsh'
[2.749s] Level 1:colcon.colcon_core.environment:create_file_with_runtime_dependencies(/home/cagan/mulakat-test-titra/install/test_package/share/colcon-core/packages/test_package)
[2.750s] DEBUG:colcon.colcon_parallel_executor.executor.parallel:closing loop
[2.750s] DEBUG:colcon.colcon_parallel_executor.executor.parallel:loop closed
[2.750s] DEBUG:colcon.colcon_parallel_executor.executor.parallel:run_until_complete finished with '0'
[2.750s] DEBUG:colcon.colcon_core.event_reactor:joining thread
[2.753s] INFO:colcon.colcon_core.plugin_system:Skipping extension 'colcon_notification.desktop_notification.terminal_notifier': Not used on non-Darwin systems
[2.753s] INFO:colcon.colcon_core.plugin_system:Skipping extension 'colcon_notification.desktop_notification.win32': Not used on non-Windows systems
[2.753s] INFO:colcon.colcon_notification.desktop_notification:Sending desktop notification using 'notify2'
[2.763s] DEBUG:colcon.colcon_core.event_reactor:joined thread
[2.764s] INFO:colcon.colcon_core.shell:Creating prefix script '/home/cagan/mulakat-test-titra/install/local_setup.ps1'
[2.766s] INFO:colcon.colcon_core.shell:Creating prefix util module '/home/cagan/mulakat-test-titra/install/_local_setup_util_ps1.py'
[2.768s] INFO:colcon.colcon_core.shell:Creating prefix chain script '/home/cagan/mulakat-test-titra/install/setup.ps1'
[2.769s] INFO:colcon.colcon_core.shell:Creating prefix script '/home/cagan/mulakat-test-titra/install/local_setup.sh'
[2.770s] INFO:colcon.colcon_core.shell:Creating prefix util module '/home/cagan/mulakat-test-titra/install/_local_setup_util_sh.py'
[2.771s] INFO:colcon.colcon_core.shell:Creating prefix chain script '/home/cagan/mulakat-test-titra/install/setup.sh'
[2.772s] INFO:colcon.colcon_core.shell:Creating prefix script '/home/cagan/mulakat-test-titra/install/local_setup.bash'
[2.773s] INFO:colcon.colcon_core.shell:Creating prefix chain script '/home/cagan/mulakat-test-titra/install/setup.bash'
[2.774s] INFO:colcon.colcon_core.shell:Creating prefix script '/home/cagan/mulakat-test-titra/install/local_setup.zsh'
[2.775s] INFO:colcon.colcon_core.shell:Creating prefix chain script '/home/cagan/mulakat-test-titra/install/setup.zsh'
