[0.190s] DEBUG:colcon:Command line arguments: ['/usr/bin/colcon', 'build', '--packages-select', 'mavros_interface']
[0.190s] DEBUG:colcon:Parsed command line arguments: Namespace(log_base=None, log_level=None, verb_name='build', build_base='build', install_base='install', merge_install=False, symlink_install=False, test_result_base=None, continue_on_error=False, executor='parallel', parallel_workers=8, event_handlers=None, ignore_user_meta=False, metas=['./colcon.meta'], base_paths=['.'], packages_ignore=None, packages_ignore_regex=None, paths=None, packages_up_to=None, packages_up_to_regex=None, packages_above=None, packages_above_and_dependencies=None, packages_above_depth=None, packages_select_by_dep=None, packages_skip_by_dep=None, packages_skip_up_to=None, packages_select_build_failed=False, packages_skip_build_finished=False, packages_select_test_failures=False, packages_skip_test_passed=False, packages_select=['mavros_interface'], packages_skip=None, packages_select_regex=None, packages_skip_regex=None, packages_start=None, packages_end=None, allow_overriding=[], cmake_args=None, cmake_target=None, cmake_target_skip_unavailable=False, cmake_clean_cache=False, cmake_clean_first=False, cmake_force_configure=False, ament_cmake_args=None, catkin_cmake_args=None, catkin_skip_building_tests=False, mixin_files=None, mixin=None, verb_parser=<colcon_mixin.mixin.mixin_argument.MixinArgumentDecorator object at 0x7ce8d9351510>, verb_extension=<colcon_core.verb.build.BuildVerb object at 0x7ce8d9466440>, main=<bound method BuildVerb.main of <colcon_core.verb.build.BuildVerb object at 0x7ce8d9466440>>, mixin_verb=('build',))
[0.540s] Level 1:colcon.colcon_core.package_discovery:discover_packages(colcon_meta) check parameters
[0.540s] Level 1:colcon.colcon_core.package_discovery:discover_packages(recursive) check parameters
[0.540s] Level 1:colcon.colcon_core.package_discovery:discover_packages(ignore) check parameters
[0.540s] Level 1:colcon.colcon_core.package_discovery:discover_packages(path) check parameters
[0.540s] Level 1:colcon.colcon_core.package_discovery:discover_packages(colcon_meta) discover
[0.540s] Level 1:colcon.colcon_core.package_discovery:discover_packages(recursive) discover
[0.540s] INFO:colcon.colcon_core.package_discovery:Crawling recursively for packages in '/home/stajyer-pc/UAV-Assessment-Template/assessment_ws'
[0.540s] Level 1:colcon.colcon_core.package_identification:_identify(.) by extensions ['ignore', 'ignore_ament_install']
[0.540s] Level 1:colcon.colcon_core.package_identification:_identify(.) by extension 'ignore'
[0.540s] Level 1:colcon.colcon_core.package_identification:_identify(.) by extension 'ignore_ament_install'
[0.540s] Level 1:colcon.colcon_core.package_identification:_identify(.) by extensions ['colcon_pkg']
[0.540s] Level 1:colcon.colcon_core.package_identification:_identify(.) by extension 'colcon_pkg'
[0.540s] Level 1:colcon.colcon_core.package_identification:_identify(.) by extensions ['colcon_meta']
[0.540s] Level 1:colcon.colcon_core.package_identification:_identify(.) by extension 'colcon_meta'
[0.541s] Level 1:colcon.colcon_core.package_identification:_identify(.) by extensions ['ros']
[0.541s] Level 1:colcon.colcon_core.package_identification:_identify(.) by extension 'ros'
[0.551s] Level 1:colcon.colcon_core.package_identification:_identify(.) by extensions ['cmake', 'python']
[0.551s] Level 1:colcon.colcon_core.package_identification:_identify(.) by extension 'cmake'
[0.551s] Level 1:colcon.colcon_core.package_identification:_identify(.) by extension 'python'
[0.551s] Level 1:colcon.colcon_core.package_identification:_identify(.) by extensions ['python_setup_py']
[0.551s] Level 1:colcon.colcon_core.package_identification:_identify(.) by extension 'python_setup_py'
[0.551s] Level 1:colcon.colcon_core.package_identification:_identify(build) by extensions ['ignore', 'ignore_ament_install']
[0.552s] Level 1:colcon.colcon_core.package_identification:_identify(build) by extension 'ignore'
[0.552s] Level 1:colcon.colcon_core.package_identification:_identify(build) ignored
[0.552s] Level 1:colcon.colcon_core.package_identification:_identify(install) by extensions ['ignore', 'ignore_ament_install']
[0.552s] Level 1:colcon.colcon_core.package_identification:_identify(install) by extension 'ignore'
[0.552s] Level 1:colcon.colcon_core.package_identification:_identify(install) ignored
[0.552s] Level 1:colcon.colcon_core.package_identification:_identify(log) by extensions ['ignore', 'ignore_ament_install']
[0.552s] Level 1:colcon.colcon_core.package_identification:_identify(log) by extension 'ignore'
[0.552s] Level 1:colcon.colcon_core.package_identification:_identify(log) ignored
[0.552s] Level 1:colcon.colcon_core.package_identification:_identify(src) by extensions ['ignore', 'ignore_ament_install']
[0.552s] Level 1:colcon.colcon_core.package_identification:_identify(src) by extension 'ignore'
[0.552s] Level 1:colcon.colcon_core.package_identification:_identify(src) by extension 'ignore_ament_install'
[0.552s] Level 1:colcon.colcon_core.package_identification:_identify(src) by extensions ['colcon_pkg']
[0.552s] Level 1:colcon.colcon_core.package_identification:_identify(src) by extension 'colcon_pkg'
[0.552s] Level 1:colcon.colcon_core.package_identification:_identify(src) by extensions ['colcon_meta']
[0.552s] Level 1:colcon.colcon_core.package_identification:_identify(src) by extension 'colcon_meta'
[0.552s] Level 1:colcon.colcon_core.package_identification:_identify(src) by extensions ['ros']
[0.552s] Level 1:colcon.colcon_core.package_identification:_identify(src) by extension 'ros'
[0.552s] Level 1:colcon.colcon_core.package_identification:_identify(src) by extensions ['cmake', 'python']
[0.553s] Level 1:colcon.colcon_core.package_identification:_identify(src) by extension 'cmake'
[0.553s] Level 1:colcon.colcon_core.package_identification:_identify(src) by extension 'python'
[0.553s] Level 1:colcon.colcon_core.package_identification:_identify(src) by extensions ['python_setup_py']
[0.553s] Level 1:colcon.colcon_core.package_identification:_identify(src) by extension 'python_setup_py'
[0.553s] Level 1:colcon.colcon_core.package_identification:_identify(src/candidate_package) by extensions ['ignore', 'ignore_ament_install']
[0.553s] Level 1:colcon.colcon_core.package_identification:_identify(src/candidate_package) by extension 'ignore'
[0.553s] Level 1:colcon.colcon_core.package_identification:_identify(src/candidate_package) by extension 'ignore_ament_install'
[0.553s] Level 1:colcon.colcon_core.package_identification:_identify(src/candidate_package) by extensions ['colcon_pkg']
[0.553s] Level 1:colcon.colcon_core.package_identification:_identify(src/candidate_package) by extension 'colcon_pkg'
[0.553s] Level 1:colcon.colcon_core.package_identification:_identify(src/candidate_package) by extensions ['colcon_meta']
[0.553s] Level 1:colcon.colcon_core.package_identification:_identify(src/candidate_package) by extension 'colcon_meta'
[0.553s] Level 1:colcon.colcon_core.package_identification:_identify(src/candidate_package) by extensions ['ros']
[0.553s] Level 1:colcon.colcon_core.package_identification:_identify(src/candidate_package) by extension 'ros'
[0.557s] DEBUG:colcon.colcon_core.package_identification:Package 'src/candidate_package' with type 'ros.ament_python' and name 'candidate_package'
[0.557s] Level 1:colcon.colcon_core.package_identification:_identify(src/mavros_interface) by extensions ['ignore', 'ignore_ament_install']
[0.557s] Level 1:colcon.colcon_core.package_identification:_identify(src/mavros_interface) by extension 'ignore'
[0.557s] Level 1:colcon.colcon_core.package_identification:_identify(src/mavros_interface) by extension 'ignore_ament_install'
[0.557s] Level 1:colcon.colcon_core.package_identification:_identify(src/mavros_interface) by extensions ['colcon_pkg']
[0.557s] Level 1:colcon.colcon_core.package_identification:_identify(src/mavros_interface) by extension 'colcon_pkg'
[0.557s] Level 1:colcon.colcon_core.package_identification:_identify(src/mavros_interface) by extensions ['colcon_meta']
[0.557s] Level 1:colcon.colcon_core.package_identification:_identify(src/mavros_interface) by extension 'colcon_meta'
[0.558s] Level 1:colcon.colcon_core.package_identification:_identify(src/mavros_interface) by extensions ['ros']
[0.558s] Level 1:colcon.colcon_core.package_identification:_identify(src/mavros_interface) by extension 'ros'
[0.558s] DEBUG:colcon.colcon_core.package_identification:Package 'src/mavros_interface' with type 'ros.ament_python' and name 'mavros_interface'
[0.559s] Level 1:colcon.colcon_core.package_identification:_identify(src/test_package) by extensions ['ignore', 'ignore_ament_install']
[0.559s] Level 1:colcon.colcon_core.package_identification:_identify(src/test_package) by extension 'ignore'
[0.559s] Level 1:colcon.colcon_core.package_identification:_identify(src/test_package) by extension 'ignore_ament_install'
[0.559s] Level 1:colcon.colcon_core.package_identification:_identify(src/test_package) by extensions ['colcon_pkg']
[0.559s] Level 1:colcon.colcon_core.package_identification:_identify(src/test_package) by extension 'colcon_pkg'
[0.559s] Level 1:colcon.colcon_core.package_identification:_identify(src/test_package) by extensions ['colcon_meta']
[0.559s] Level 1:colcon.colcon_core.package_identification:_identify(src/test_package) by extension 'colcon_meta'
[0.559s] Level 1:colcon.colcon_core.package_identification:_identify(src/test_package) by extensions ['ros']
[0.559s] Level 1:colcon.colcon_core.package_identification:_identify(src/test_package) by extension 'ros'
[0.559s] DEBUG:colcon.colcon_core.package_identification:Package 'src/test_package' with type 'ros.ament_python' and name 'test_package'
[0.559s] Level 1:colcon.colcon_core.package_discovery:discover_packages(recursive) using defaults
[0.559s] Level 1:colcon.colcon_core.package_discovery:discover_packages(ignore) discover
[0.560s] Level 1:colcon.colcon_core.package_discovery:discover_packages(ignore) using defaults
[0.560s] Level 1:colcon.colcon_core.package_discovery:discover_packages(path) discover
[0.560s] Level 1:colcon.colcon_core.package_discovery:discover_packages(path) using defaults
[0.601s] INFO:colcon.colcon_core.package_selection:Skipping not selected package 'candidate_package' in 'src/candidate_package'
[0.602s] INFO:colcon.colcon_core.package_selection:Skipping not selected package 'test_package' in 'src/test_package'
[0.602s] Level 1:colcon.colcon_core.package_discovery:discover_packages(prefix_path) check parameters
[0.602s] Level 1:colcon.colcon_core.package_discovery:discover_packages(prefix_path) discover
[0.607s] DEBUG:colcon.colcon_installed_package_information.package_discovery:Found 308 installed packages in /opt/ros/humble
[0.609s] Level 1:colcon.colcon_core.package_discovery:discover_packages(prefix_path) using defaults
[0.654s] Level 5:colcon.colcon_core.verb:set package 'mavros_interface' build argument 'cmake_args' from command line to 'None'
[0.654s] Level 5:colcon.colcon_core.verb:set package 'mavros_interface' build argument 'cmake_target' from command line to 'None'
[0.654s] Level 5:colcon.colcon_core.verb:set package 'mavros_interface' build argument 'cmake_target_skip_unavailable' from command line to 'False'
[0.654s] Level 5:colcon.colcon_core.verb:set package 'mavros_interface' build argument 'cmake_clean_cache' from command line to 'False'
[0.654s] Level 5:colcon.colcon_core.verb:set package 'mavros_interface' build argument 'cmake_clean_first' from command line to 'False'
[0.654s] Level 5:colcon.colcon_core.verb:set package 'mavros_interface' build argument 'cmake_force_configure' from command line to 'False'
[0.654s] Level 5:colcon.colcon_core.verb:set package 'mavros_interface' build argument 'ament_cmake_args' from command line to 'None'
[0.654s] Level 5:colcon.colcon_core.verb:set package 'mavros_interface' build argument 'catkin_cmake_args' from command line to 'None'
[0.654s] Level 5:colcon.colcon_core.verb:set package 'mavros_interface' build argument 'catkin_skip_building_tests' from command line to 'False'
[0.654s] DEBUG:colcon.colcon_core.verb:Building package 'mavros_interface' with the following arguments: {'ament_cmake_args': None, 'build_base': '/home/stajyer-pc/UAV-Assessment-Template/assessment_ws/build/mavros_interface', 'catkin_cmake_args': None, 'catkin_skip_building_tests': False, 'cmake_args': None, 'cmake_clean_cache': False, 'cmake_clean_first': False, 'cmake_force_configure': False, 'cmake_target': None, 'cmake_target_skip_unavailable': False, 'install_base': '/home/stajyer-pc/UAV-Assessment-Template/assessment_ws/install/mavros_interface', 'merge_install': False, 'path': '/home/stajyer-pc/UAV-Assessment-Template/assessment_ws/src/mavros_interface', 'symlink_install': False, 'test_result_base': None}
[0.654s] INFO:colcon.colcon_core.executor:Executing jobs using 'parallel' executor
[0.655s] DEBUG:colcon.colcon_parallel_executor.executor.parallel:run_until_complete
[0.656s] INFO:colcon.colcon_ros.task.ament_python.build:Building ROS package in '/home/stajyer-pc/UAV-Assessment-Template/assessment_ws/src/mavros_interface' with build type 'ament_python'
[0.656s] Level 1:colcon.colcon_core.shell:create_environment_hook('mavros_interface', 'ament_prefix_path')
[0.659s] INFO:colcon.colcon_core.plugin_system:Skipping extension 'colcon_core.shell.bat': Not used on non-Windows systems
[0.659s] INFO:colcon.colcon_core.shell:Creating environment hook '/home/stajyer-pc/UAV-Assessment-Template/assessment_ws/install/mavros_interface/share/mavros_interface/hook/ament_prefix_path.ps1'
[0.661s] INFO:colcon.colcon_core.shell:Creating environment descriptor '/home/stajyer-pc/UAV-Assessment-Template/assessment_ws/install/mavros_interface/share/mavros_interface/hook/ament_prefix_path.dsv'
[0.661s] INFO:colcon.colcon_core.shell:Creating environment hook '/home/stajyer-pc/UAV-Assessment-Template/assessment_ws/install/mavros_interface/share/mavros_interface/hook/ament_prefix_path.sh'
[0.662s] INFO:colcon.colcon_core.shell:Skip shell extension 'powershell' for command environment: Not usable outside of PowerShell
[0.662s] DEBUG:colcon.colcon_core.shell:Skip shell extension 'dsv' for command environment
[0.919s] INFO:colcon.colcon_core.task.python.build:Building Python package in '/home/stajyer-pc/UAV-Assessment-Template/assessment_ws/src/mavros_interface'
[0.919s] INFO:colcon.colcon_core.shell:Skip shell extension 'powershell' for command environment: Not usable outside of PowerShell
[0.919s] DEBUG:colcon.colcon_core.shell:Skip shell extension 'dsv' for command environment
[1.303s] DEBUG:colcon.colcon_core.event_handler.log_command:Invoking command in '/home/stajyer-pc/UAV-Assessment-Template/assessment_ws/src/mavros_interface': PYTHONPATH=/home/stajyer-pc/UAV-Assessment-Template/assessment_ws/build/mavros_interface/prefix_override:/usr/lib/python3/dist-packages/colcon_core/task/python/colcon_distutils_commands:/home/stajyer-pc/UAV-Assessment-Template/assessment_ws/install/mavros_interface/lib/python3.10/site-packages:${PYTHONPATH} /usr/bin/python3 -W ignore:setup.py install is deprecated -W ignore:easy_install command is deprecated setup.py egg_info --egg-base ../../build/mavros_interface build --build-base /home/stajyer-pc/UAV-Assessment-Template/assessment_ws/build/mavros_interface/build install --record /home/stajyer-pc/UAV-Assessment-Template/assessment_ws/build/mavros_interface/install.log --single-version-externally-managed install_data
[1.606s] DEBUG:colcon.colcon_core.event_handler.log_command:Invoked command in '/home/stajyer-pc/UAV-Assessment-Template/assessment_ws/src/mavros_interface' returned '0': PYTHONPATH=/home/stajyer-pc/UAV-Assessment-Template/assessment_ws/build/mavros_interface/prefix_override:/usr/lib/python3/dist-packages/colcon_core/task/python/colcon_distutils_commands:/home/stajyer-pc/UAV-Assessment-Template/assessment_ws/install/mavros_interface/lib/python3.10/site-packages:${PYTHONPATH} /usr/bin/python3 -W ignore:setup.py install is deprecated -W ignore:easy_install command is deprecated setup.py egg_info --egg-base ../../build/mavros_interface build --build-base /home/stajyer-pc/UAV-Assessment-Template/assessment_ws/build/mavros_interface/build install --record /home/stajyer-pc/UAV-Assessment-Template/assessment_ws/build/mavros_interface/install.log --single-version-externally-managed install_data
[1.613s] Level 1:colcon.colcon_core.environment:checking '/home/stajyer-pc/UAV-Assessment-Template/assessment_ws/install/mavros_interface' for CMake module files
[1.613s] Level 1:colcon.colcon_core.environment:checking '/home/stajyer-pc/UAV-Assessment-Template/assessment_ws/install/mavros_interface' for CMake config files
[1.614s] Level 1:colcon.colcon_core.environment:checking '/home/stajyer-pc/UAV-Assessment-Template/assessment_ws/install/mavros_interface/lib'
[1.614s] Level 1:colcon.colcon_core.environment:checking '/home/stajyer-pc/UAV-Assessment-Template/assessment_ws/install/mavros_interface/bin'
[1.614s] Level 1:colcon.colcon_core.environment:checking '/home/stajyer-pc/UAV-Assessment-Template/assessment_ws/install/mavros_interface/lib/pkgconfig/mavros_interface.pc'
[1.614s] Level 1:colcon.colcon_core.environment:checking '/home/stajyer-pc/UAV-Assessment-Template/assessment_ws/install/mavros_interface/lib/python3.10/site-packages'
[1.614s] Level 1:colcon.colcon_core.shell:create_environment_hook('mavros_interface', 'pythonpath')
[1.615s] INFO:colcon.colcon_core.shell:Creating environment hook '/home/stajyer-pc/UAV-Assessment-Template/assessment_ws/install/mavros_interface/share/mavros_interface/hook/pythonpath.ps1'
[1.615s] INFO:colcon.colcon_core.shell:Creating environment descriptor '/home/stajyer-pc/UAV-Assessment-Template/assessment_ws/install/mavros_interface/share/mavros_interface/hook/pythonpath.dsv'
[1.615s] INFO:colcon.colcon_core.shell:Creating environment hook '/home/stajyer-pc/UAV-Assessment-Template/assessment_ws/install/mavros_interface/share/mavros_interface/hook/pythonpath.sh'
[1.616s] Level 1:colcon.colcon_core.environment:checking '/home/stajyer-pc/UAV-Assessment-Template/assessment_ws/install/mavros_interface/bin'
[1.616s] Level 1:colcon.colcon_core.environment:create_environment_scripts_only(mavros_interface)
[1.616s] INFO:colcon.colcon_core.shell:Creating package script '/home/stajyer-pc/UAV-Assessment-Template/assessment_ws/install/mavros_interface/share/mavros_interface/package.ps1'
[1.618s] INFO:colcon.colcon_core.shell:Creating package descriptor '/home/stajyer-pc/UAV-Assessment-Template/assessment_ws/install/mavros_interface/share/mavros_interface/package.dsv'
[1.619s] INFO:colcon.colcon_core.shell:Creating package script '/home/stajyer-pc/UAV-Assessment-Template/assessment_ws/install/mavros_interface/share/mavros_interface/package.sh'
[1.620s] INFO:colcon.colcon_core.shell:Creating package script '/home/stajyer-pc/UAV-Assessment-Template/assessment_ws/install/mavros_interface/share/mavros_interface/package.bash'
[1.622s] INFO:colcon.colcon_core.shell:Creating package script '/home/stajyer-pc/UAV-Assessment-Template/assessment_ws/install/mavros_interface/share/mavros_interface/package.zsh'
[1.624s] Level 1:colcon.colcon_core.environment:create_file_with_runtime_dependencies(/home/stajyer-pc/UAV-Assessment-Template/assessment_ws/install/mavros_interface/share/colcon-core/packages/mavros_interface)
[1.625s] DEBUG:colcon.colcon_parallel_executor.executor.parallel:closing loop
[1.625s] DEBUG:colcon.colcon_parallel_executor.executor.parallel:loop closed
[1.625s] DEBUG:colcon.colcon_parallel_executor.executor.parallel:run_until_complete finished with '0'
[1.625s] DEBUG:colcon.colcon_core.event_reactor:joining thread
[1.632s] INFO:colcon.colcon_core.plugin_system:Skipping extension 'colcon_notification.desktop_notification.terminal_notifier': Not used on non-Darwin systems
[1.633s] INFO:colcon.colcon_core.plugin_system:Skipping extension 'colcon_notification.desktop_notification.win32': Not used on non-Windows systems
[1.633s] INFO:colcon.colcon_notification.desktop_notification:Sending desktop notification using 'notify2'
[1.656s] DEBUG:colcon.colcon_core.event_reactor:joined thread
[1.656s] INFO:colcon.colcon_core.shell:Creating prefix script '/home/stajyer-pc/UAV-Assessment-Template/assessment_ws/install/local_setup.ps1'
[1.657s] INFO:colcon.colcon_core.shell:Creating prefix util module '/home/stajyer-pc/UAV-Assessment-Template/assessment_ws/install/_local_setup_util_ps1.py'
[1.660s] INFO:colcon.colcon_core.shell:Creating prefix chain script '/home/stajyer-pc/UAV-Assessment-Template/assessment_ws/install/setup.ps1'
[1.662s] INFO:colcon.colcon_core.shell:Creating prefix script '/home/stajyer-pc/UAV-Assessment-Template/assessment_ws/install/local_setup.sh'
[1.663s] INFO:colcon.colcon_core.shell:Creating prefix util module '/home/stajyer-pc/UAV-Assessment-Template/assessment_ws/install/_local_setup_util_sh.py'
[1.663s] INFO:colcon.colcon_core.shell:Creating prefix chain script '/home/stajyer-pc/UAV-Assessment-Template/assessment_ws/install/setup.sh'
[1.665s] INFO:colcon.colcon_core.shell:Creating prefix script '/home/stajyer-pc/UAV-Assessment-Template/assessment_ws/install/local_setup.bash'
[1.666s] INFO:colcon.colcon_core.shell:Creating prefix chain script '/home/stajyer-pc/UAV-Assessment-Template/assessment_ws/install/setup.bash'
[1.667s] INFO:colcon.colcon_core.shell:Creating prefix script '/home/stajyer-pc/UAV-Assessment-Template/assessment_ws/install/local_setup.zsh'
[1.668s] INFO:colcon.colcon_core.shell:Creating prefix chain script '/home/stajyer-pc/UAV-Assessment-Template/assessment_ws/install/setup.zsh'
