[0.107s] DEBUG:colcon:Command line arguments: ['/usr/bin/colcon', 'build']
[0.108s] DEBUG:colcon:Parsed command line arguments: Namespace(log_base=None, log_level=None, verb_name='build', build_base='build', install_base='install', merge_install=False, symlink_install=False, test_result_base=None, continue_on_error=False, executor='parallel', parallel_workers=8, event_handlers=None, ignore_user_meta=False, metas=['./colcon.meta'], base_paths=['.'], packages_ignore=None, packages_ignore_regex=None, paths=None, packages_up_to=None, packages_up_to_regex=None, packages_above=None, packages_above_and_dependencies=None, packages_above_depth=None, packages_select_by_dep=None, packages_skip_by_dep=None, packages_skip_up_to=None, packages_select_build_failed=False, packages_skip_build_finished=False, packages_select_test_failures=False, packages_skip_test_passed=False, packages_select=None, packages_skip=None, packages_select_regex=None, packages_skip_regex=None, packages_start=None, packages_end=None, allow_overriding=[], cmake_args=None, cmake_target=None, cmake_target_skip_unavailable=False, cmake_clean_cache=False, cmake_clean_first=False, cmake_force_configure=False, ament_cmake_args=None, catkin_cmake_args=None, catkin_skip_building_tests=False, mixin_files=None, mixin=None, verb_parser=<colcon_mixin.mixin.mixin_argument.MixinArgumentDecorator object at 0x7a06430594e0>, verb_extension=<colcon_core.verb.build.BuildVerb object at 0x7a0643172410>, main=<bound method BuildVerb.main of <colcon_core.verb.build.BuildVerb object at 0x7a0643172410>>, mixin_verb=('build',))
[0.270s] Level 1:colcon.colcon_core.package_discovery:discover_packages(colcon_meta) check parameters
[0.271s] Level 1:colcon.colcon_core.package_discovery:discover_packages(recursive) check parameters
[0.271s] Level 1:colcon.colcon_core.package_discovery:discover_packages(ignore) check parameters
[0.271s] Level 1:colcon.colcon_core.package_discovery:discover_packages(path) check parameters
[0.271s] Level 1:colcon.colcon_core.package_discovery:discover_packages(colcon_meta) discover
[0.271s] Level 1:colcon.colcon_core.package_discovery:discover_packages(recursive) discover
[0.271s] INFO:colcon.colcon_core.package_discovery:Crawling recursively for packages in '/home/stajyer-pc/UAV-Assessment-Template/assessment_ws'
[0.271s] Level 1:colcon.colcon_core.package_identification:_identify(.) by extensions ['ignore', 'ignore_ament_install']
[0.271s] Level 1:colcon.colcon_core.package_identification:_identify(.) by extension 'ignore'
[0.271s] Level 1:colcon.colcon_core.package_identification:_identify(.) by extension 'ignore_ament_install'
[0.271s] Level 1:colcon.colcon_core.package_identification:_identify(.) by extensions ['colcon_pkg']
[0.272s] Level 1:colcon.colcon_core.package_identification:_identify(.) by extension 'colcon_pkg'
[0.272s] Level 1:colcon.colcon_core.package_identification:_identify(.) by extensions ['colcon_meta']
[0.272s] Level 1:colcon.colcon_core.package_identification:_identify(.) by extension 'colcon_meta'
[0.272s] Level 1:colcon.colcon_core.package_identification:_identify(.) by extensions ['ros']
[0.272s] Level 1:colcon.colcon_core.package_identification:_identify(.) by extension 'ros'
[0.283s] Level 1:colcon.colcon_core.package_identification:_identify(.) by extensions ['cmake', 'python']
[0.283s] Level 1:colcon.colcon_core.package_identification:_identify(.) by extension 'cmake'
[0.283s] Level 1:colcon.colcon_core.package_identification:_identify(.) by extension 'python'
[0.283s] Level 1:colcon.colcon_core.package_identification:_identify(.) by extensions ['python_setup_py']
[0.283s] Level 1:colcon.colcon_core.package_identification:_identify(.) by extension 'python_setup_py'
[0.283s] Level 1:colcon.colcon_core.package_identification:_identify(build) by extensions ['ignore', 'ignore_ament_install']
[0.283s] Level 1:colcon.colcon_core.package_identification:_identify(build) by extension 'ignore'
[0.283s] Level 1:colcon.colcon_core.package_identification:_identify(build) ignored
[0.283s] Level 1:colcon.colcon_core.package_identification:_identify(install) by extensions ['ignore', 'ignore_ament_install']
[0.283s] Level 1:colcon.colcon_core.package_identification:_identify(install) by extension 'ignore'
[0.283s] Level 1:colcon.colcon_core.package_identification:_identify(install) ignored
[0.283s] Level 1:colcon.colcon_core.package_identification:_identify(log) by extensions ['ignore', 'ignore_ament_install']
[0.283s] Level 1:colcon.colcon_core.package_identification:_identify(log) by extension 'ignore'
[0.283s] Level 1:colcon.colcon_core.package_identification:_identify(log) ignored
[0.284s] Level 1:colcon.colcon_core.package_identification:_identify(src) by extensions ['ignore', 'ignore_ament_install']
[0.284s] Level 1:colcon.colcon_core.package_identification:_identify(src) by extension 'ignore'
[0.284s] Level 1:colcon.colcon_core.package_identification:_identify(src) by extension 'ignore_ament_install'
[0.284s] Level 1:colcon.colcon_core.package_identification:_identify(src) by extensions ['colcon_pkg']
[0.284s] Level 1:colcon.colcon_core.package_identification:_identify(src) by extension 'colcon_pkg'
[0.284s] Level 1:colcon.colcon_core.package_identification:_identify(src) by extensions ['colcon_meta']
[0.284s] Level 1:colcon.colcon_core.package_identification:_identify(src) by extension 'colcon_meta'
[0.284s] Level 1:colcon.colcon_core.package_identification:_identify(src) by extensions ['ros']
[0.284s] Level 1:colcon.colcon_core.package_identification:_identify(src) by extension 'ros'
[0.284s] Level 1:colcon.colcon_core.package_identification:_identify(src) by extensions ['cmake', 'python']
[0.284s] Level 1:colcon.colcon_core.package_identification:_identify(src) by extension 'cmake'
[0.284s] Level 1:colcon.colcon_core.package_identification:_identify(src) by extension 'python'
[0.284s] Level 1:colcon.colcon_core.package_identification:_identify(src) by extensions ['python_setup_py']
[0.284s] Level 1:colcon.colcon_core.package_identification:_identify(src) by extension 'python_setup_py'
[0.284s] Level 1:colcon.colcon_core.package_identification:_identify(src/candidate_package) by extensions ['ignore', 'ignore_ament_install']
[0.284s] Level 1:colcon.colcon_core.package_identification:_identify(src/candidate_package) by extension 'ignore'
[0.284s] Level 1:colcon.colcon_core.package_identification:_identify(src/candidate_package) by extension 'ignore_ament_install'
[0.284s] Level 1:colcon.colcon_core.package_identification:_identify(src/candidate_package) by extensions ['colcon_pkg']
[0.284s] Level 1:colcon.colcon_core.package_identification:_identify(src/candidate_package) by extension 'colcon_pkg'
[0.284s] Level 1:colcon.colcon_core.package_identification:_identify(src/candidate_package) by extensions ['colcon_meta']
[0.284s] Level 1:colcon.colcon_core.package_identification:_identify(src/candidate_package) by extension 'colcon_meta'
[0.284s] Level 1:colcon.colcon_core.package_identification:_identify(src/candidate_package) by extensions ['ros']
[0.284s] Level 1:colcon.colcon_core.package_identification:_identify(src/candidate_package) by extension 'ros'
[0.287s] DEBUG:colcon.colcon_core.package_identification:Package 'src/candidate_package' with type 'ros.ament_python' and name 'candidate_package'
[0.287s] Level 1:colcon.colcon_core.package_identification:_identify(src/mavros_interface) by extensions ['ignore', 'ignore_ament_install']
[0.287s] Level 1:colcon.colcon_core.package_identification:_identify(src/mavros_interface) by extension 'ignore'
[0.287s] Level 1:colcon.colcon_core.package_identification:_identify(src/mavros_interface) by extension 'ignore_ament_install'
[0.287s] Level 1:colcon.colcon_core.package_identification:_identify(src/mavros_interface) by extensions ['colcon_pkg']
[0.287s] Level 1:colcon.colcon_core.package_identification:_identify(src/mavros_interface) by extension 'colcon_pkg'
[0.287s] Level 1:colcon.colcon_core.package_identification:_identify(src/mavros_interface) by extensions ['colcon_meta']
[0.287s] Level 1:colcon.colcon_core.package_identification:_identify(src/mavros_interface) by extension 'colcon_meta'
[0.287s] Level 1:colcon.colcon_core.package_identification:_identify(src/mavros_interface) by extensions ['ros']
[0.287s] Level 1:colcon.colcon_core.package_identification:_identify(src/mavros_interface) by extension 'ros'
[0.288s] DEBUG:colcon.colcon_core.package_identification:Package 'src/mavros_interface' with type 'ros.ament_python' and name 'mavros_interface'
[0.288s] Level 1:colcon.colcon_core.package_identification:_identify(src/test_package) by extensions ['ignore', 'ignore_ament_install']
[0.288s] Level 1:colcon.colcon_core.package_identification:_identify(src/test_package) by extension 'ignore'
[0.288s] Level 1:colcon.colcon_core.package_identification:_identify(src/test_package) by extension 'ignore_ament_install'
[0.288s] Level 1:colcon.colcon_core.package_identification:_identify(src/test_package) by extensions ['colcon_pkg']
[0.288s] Level 1:colcon.colcon_core.package_identification:_identify(src/test_package) by extension 'colcon_pkg'
[0.288s] Level 1:colcon.colcon_core.package_identification:_identify(src/test_package) by extensions ['colcon_meta']
[0.288s] Level 1:colcon.colcon_core.package_identification:_identify(src/test_package) by extension 'colcon_meta'
[0.288s] Level 1:colcon.colcon_core.package_identification:_identify(src/test_package) by extensions ['ros']
[0.288s] Level 1:colcon.colcon_core.package_identification:_identify(src/test_package) by extension 'ros'
[0.289s] DEBUG:colcon.colcon_core.package_identification:Package 'src/test_package' with type 'ros.ament_python' and name 'test_package'
[0.289s] Level 1:colcon.colcon_core.package_discovery:discover_packages(recursive) using defaults
[0.289s] Level 1:colcon.colcon_core.package_discovery:discover_packages(ignore) discover
[0.289s] Level 1:colcon.colcon_core.package_discovery:discover_packages(ignore) using defaults
[0.289s] Level 1:colcon.colcon_core.package_discovery:discover_packages(path) discover
[0.289s] Level 1:colcon.colcon_core.package_discovery:discover_packages(path) using defaults
[0.321s] Level 1:colcon.colcon_core.package_discovery:discover_packages(prefix_path) check parameters
[0.321s] Level 1:colcon.colcon_core.package_discovery:discover_packages(prefix_path) discover
[0.323s] DEBUG:colcon.colcon_installed_package_information.package_discovery:Found 308 installed packages in /opt/ros/humble
[0.325s] Level 1:colcon.colcon_core.package_discovery:discover_packages(prefix_path) using defaults
[0.365s] Level 5:colcon.colcon_core.verb:set package 'mavros_interface' build argument 'cmake_args' from command line to 'None'
[0.365s] Level 5:colcon.colcon_core.verb:set package 'mavros_interface' build argument 'cmake_target' from command line to 'None'
[0.366s] Level 5:colcon.colcon_core.verb:set package 'mavros_interface' build argument 'cmake_target_skip_unavailable' from command line to 'False'
[0.366s] Level 5:colcon.colcon_core.verb:set package 'mavros_interface' build argument 'cmake_clean_cache' from command line to 'False'
[0.366s] Level 5:colcon.colcon_core.verb:set package 'mavros_interface' build argument 'cmake_clean_first' from command line to 'False'
[0.366s] Level 5:colcon.colcon_core.verb:set package 'mavros_interface' build argument 'cmake_force_configure' from command line to 'False'
[0.366s] Level 5:colcon.colcon_core.verb:set package 'mavros_interface' build argument 'ament_cmake_args' from command line to 'None'
[0.366s] Level 5:colcon.colcon_core.verb:set package 'mavros_interface' build argument 'catkin_cmake_args' from command line to 'None'
[0.366s] Level 5:colcon.colcon_core.verb:set package 'mavros_interface' build argument 'catkin_skip_building_tests' from command line to 'False'
[0.366s] DEBUG:colcon.colcon_core.verb:Building package 'mavros_interface' with the following arguments: {'ament_cmake_args': None, 'build_base': '/home/stajyer-pc/UAV-Assessment-Template/assessment_ws/build/mavros_interface', 'catkin_cmake_args': None, 'catkin_skip_building_tests': False, 'cmake_args': None, 'cmake_clean_cache': False, 'cmake_clean_first': False, 'cmake_force_configure': False, 'cmake_target': None, 'cmake_target_skip_unavailable': False, 'install_base': '/home/stajyer-pc/UAV-Assessment-Template/assessment_ws/install/mavros_interface', 'merge_install': False, 'path': '/home/stajyer-pc/UAV-Assessment-Template/assessment_ws/src/mavros_interface', 'symlink_install': False, 'test_result_base': None}
[0.366s] Level 5:colcon.colcon_core.verb:set package 'candidate_package' build argument 'cmake_args' from command line to 'None'
[0.366s] Level 5:colcon.colcon_core.verb:set package 'candidate_package' build argument 'cmake_target' from command line to 'None'
[0.366s] Level 5:colcon.colcon_core.verb:set package 'candidate_package' build argument 'cmake_target_skip_unavailable' from command line to 'False'
[0.366s] Level 5:colcon.colcon_core.verb:set package 'candidate_package' build argument 'cmake_clean_cache' from command line to 'False'
[0.366s] Level 5:colcon.colcon_core.verb:set package 'candidate_package' build argument 'cmake_clean_first' from command line to 'False'
[0.366s] Level 5:colcon.colcon_core.verb:set package 'candidate_package' build argument 'cmake_force_configure' from command line to 'False'
[0.366s] Level 5:colcon.colcon_core.verb:set package 'candidate_package' build argument 'ament_cmake_args' from command line to 'None'
[0.366s] Level 5:colcon.colcon_core.verb:set package 'candidate_package' build argument 'catkin_cmake_args' from command line to 'None'
[0.366s] Level 5:colcon.colcon_core.verb:set package 'candidate_package' build argument 'catkin_skip_building_tests' from command line to 'False'
[0.366s] DEBUG:colcon.colcon_core.verb:Building package 'candidate_package' with the following arguments: {'ament_cmake_args': None, 'build_base': '/home/stajyer-pc/UAV-Assessment-Template/assessment_ws/build/candidate_package', 'catkin_cmake_args': None, 'catkin_skip_building_tests': False, 'cmake_args': None, 'cmake_clean_cache': False, 'cmake_clean_first': False, 'cmake_force_configure': False, 'cmake_target': None, 'cmake_target_skip_unavailable': False, 'install_base': '/home/stajyer-pc/UAV-Assessment-Template/assessment_ws/install/candidate_package', 'merge_install': False, 'path': '/home/stajyer-pc/UAV-Assessment-Template/assessment_ws/src/candidate_package', 'symlink_install': False, 'test_result_base': None}
[0.367s] Level 5:colcon.colcon_core.verb:set package 'test_package' build argument 'cmake_args' from command line to 'None'
[0.367s] Level 5:colcon.colcon_core.verb:set package 'test_package' build argument 'cmake_target' from command line to 'None'
[0.367s] Level 5:colcon.colcon_core.verb:set package 'test_package' build argument 'cmake_target_skip_unavailable' from command line to 'False'
[0.367s] Level 5:colcon.colcon_core.verb:set package 'test_package' build argument 'cmake_clean_cache' from command line to 'False'
[0.367s] Level 5:colcon.colcon_core.verb:set package 'test_package' build argument 'cmake_clean_first' from command line to 'False'
[0.367s] Level 5:colcon.colcon_core.verb:set package 'test_package' build argument 'cmake_force_configure' from command line to 'False'
[0.367s] Level 5:colcon.colcon_core.verb:set package 'test_package' build argument 'ament_cmake_args' from command line to 'None'
[0.367s] Level 5:colcon.colcon_core.verb:set package 'test_package' build argument 'catkin_cmake_args' from command line to 'None'
[0.367s] Level 5:colcon.colcon_core.verb:set package 'test_package' build argument 'catkin_skip_building_tests' from command line to 'False'
[0.367s] DEBUG:colcon.colcon_core.verb:Building package 'test_package' with the following arguments: {'ament_cmake_args': None, 'build_base': '/home/stajyer-pc/UAV-Assessment-Template/assessment_ws/build/test_package', 'catkin_cmake_args': None, 'catkin_skip_building_tests': False, 'cmake_args': None, 'cmake_clean_cache': False, 'cmake_clean_first': False, 'cmake_force_configure': False, 'cmake_target': None, 'cmake_target_skip_unavailable': False, 'install_base': '/home/stajyer-pc/UAV-Assessment-Template/assessment_ws/install/test_package', 'merge_install': False, 'path': '/home/stajyer-pc/UAV-Assessment-Template/assessment_ws/src/test_package', 'symlink_install': False, 'test_result_base': None}
[0.367s] INFO:colcon.colcon_core.executor:Executing jobs using 'parallel' executor
[0.368s] DEBUG:colcon.colcon_parallel_executor.executor.parallel:run_until_complete
[0.368s] INFO:colcon.colcon_ros.task.ament_python.build:Building ROS package in '/home/stajyer-pc/UAV-Assessment-Template/assessment_ws/src/mavros_interface' with build type 'ament_python'
[0.368s] Level 1:colcon.colcon_core.shell:create_environment_hook('mavros_interface', 'ament_prefix_path')
[0.370s] INFO:colcon.colcon_core.plugin_system:Skipping extension 'colcon_core.shell.bat': Not used on non-Windows systems
[0.370s] INFO:colcon.colcon_core.shell:Creating environment hook '/home/stajyer-pc/UAV-Assessment-Template/assessment_ws/install/mavros_interface/share/mavros_interface/hook/ament_prefix_path.ps1'
[0.371s] INFO:colcon.colcon_core.shell:Creating environment descriptor '/home/stajyer-pc/UAV-Assessment-Template/assessment_ws/install/mavros_interface/share/mavros_interface/hook/ament_prefix_path.dsv'
[0.371s] INFO:colcon.colcon_core.shell:Creating environment hook '/home/stajyer-pc/UAV-Assessment-Template/assessment_ws/install/mavros_interface/share/mavros_interface/hook/ament_prefix_path.sh'
[0.372s] INFO:colcon.colcon_core.shell:Skip shell extension 'powershell' for command environment: Not usable outside of PowerShell
[0.372s] DEBUG:colcon.colcon_core.shell:Skip shell extension 'dsv' for command environment
[0.639s] INFO:colcon.colcon_core.task.python.build:Building Python package in '/home/stajyer-pc/UAV-Assessment-Template/assessment_ws/src/mavros_interface'
[0.639s] INFO:colcon.colcon_core.shell:Skip shell extension 'powershell' for command environment: Not usable outside of PowerShell
[0.639s] DEBUG:colcon.colcon_core.shell:Skip shell extension 'dsv' for command environment
[1.037s] DEBUG:colcon.colcon_core.event_handler.log_command:Invoking command in '/home/stajyer-pc/UAV-Assessment-Template/assessment_ws/src/mavros_interface': PYTHONPATH=/home/stajyer-pc/UAV-Assessment-Template/assessment_ws/build/mavros_interface/prefix_override:/usr/lib/python3/dist-packages/colcon_core/task/python/colcon_distutils_commands:/home/stajyer-pc/UAV-Assessment-Template/assessment_ws/install/mavros_interface/lib/python3.10/site-packages:${PYTHONPATH} /usr/bin/python3 -W ignore:setup.py install is deprecated -W ignore:easy_install command is deprecated setup.py egg_info --egg-base ../../build/mavros_interface build --build-base /home/stajyer-pc/UAV-Assessment-Template/assessment_ws/build/mavros_interface/build install --record /home/stajyer-pc/UAV-Assessment-Template/assessment_ws/build/mavros_interface/install.log --single-version-externally-managed install_data
[1.355s] DEBUG:colcon.colcon_core.event_handler.log_command:Invoked command in '/home/stajyer-pc/UAV-Assessment-Template/assessment_ws/src/mavros_interface' returned '0': PYTHONPATH=/home/stajyer-pc/UAV-Assessment-Template/assessment_ws/build/mavros_interface/prefix_override:/usr/lib/python3/dist-packages/colcon_core/task/python/colcon_distutils_commands:/home/stajyer-pc/UAV-Assessment-Template/assessment_ws/install/mavros_interface/lib/python3.10/site-packages:${PYTHONPATH} /usr/bin/python3 -W ignore:setup.py install is deprecated -W ignore:easy_install command is deprecated setup.py egg_info --egg-base ../../build/mavros_interface build --build-base /home/stajyer-pc/UAV-Assessment-Template/assessment_ws/build/mavros_interface/build install --record /home/stajyer-pc/UAV-Assessment-Template/assessment_ws/build/mavros_interface/install.log --single-version-externally-managed install_data
[1.358s] Level 1:colcon.colcon_core.environment:checking '/home/stajyer-pc/UAV-Assessment-Template/assessment_ws/install/mavros_interface' for CMake module files
[1.358s] Level 1:colcon.colcon_core.environment:checking '/home/stajyer-pc/UAV-Assessment-Template/assessment_ws/install/mavros_interface' for CMake config files
[1.359s] Level 1:colcon.colcon_core.environment:checking '/home/stajyer-pc/UAV-Assessment-Template/assessment_ws/install/mavros_interface/lib'
[1.359s] Level 1:colcon.colcon_core.environment:checking '/home/stajyer-pc/UAV-Assessment-Template/assessment_ws/install/mavros_interface/bin'
[1.359s] Level 1:colcon.colcon_core.environment:checking '/home/stajyer-pc/UAV-Assessment-Template/assessment_ws/install/mavros_interface/lib/pkgconfig/mavros_interface.pc'
[1.360s] Level 1:colcon.colcon_core.environment:checking '/home/stajyer-pc/UAV-Assessment-Template/assessment_ws/install/mavros_interface/lib/python3.10/site-packages'
[1.360s] Level 1:colcon.colcon_core.shell:create_environment_hook('mavros_interface', 'pythonpath')
[1.360s] INFO:colcon.colcon_core.shell:Creating environment hook '/home/stajyer-pc/UAV-Assessment-Template/assessment_ws/install/mavros_interface/share/mavros_interface/hook/pythonpath.ps1'
[1.361s] INFO:colcon.colcon_core.shell:Creating environment descriptor '/home/stajyer-pc/UAV-Assessment-Template/assessment_ws/install/mavros_interface/share/mavros_interface/hook/pythonpath.dsv'
[1.361s] INFO:colcon.colcon_core.shell:Creating environment hook '/home/stajyer-pc/UAV-Assessment-Template/assessment_ws/install/mavros_interface/share/mavros_interface/hook/pythonpath.sh'
[1.362s] Level 1:colcon.colcon_core.environment:checking '/home/stajyer-pc/UAV-Assessment-Template/assessment_ws/install/mavros_interface/bin'
[1.362s] Level 1:colcon.colcon_core.environment:create_environment_scripts_only(mavros_interface)
[1.362s] INFO:colcon.colcon_core.shell:Creating package script '/home/stajyer-pc/UAV-Assessment-Template/assessment_ws/install/mavros_interface/share/mavros_interface/package.ps1'
[1.363s] INFO:colcon.colcon_core.shell:Creating package descriptor '/home/stajyer-pc/UAV-Assessment-Template/assessment_ws/install/mavros_interface/share/mavros_interface/package.dsv'
[1.364s] INFO:colcon.colcon_core.shell:Creating package script '/home/stajyer-pc/UAV-Assessment-Template/assessment_ws/install/mavros_interface/share/mavros_interface/package.sh'
[1.365s] INFO:colcon.colcon_core.shell:Creating package script '/home/stajyer-pc/UAV-Assessment-Template/assessment_ws/install/mavros_interface/share/mavros_interface/package.bash'
[1.366s] INFO:colcon.colcon_core.shell:Creating package script '/home/stajyer-pc/UAV-Assessment-Template/assessment_ws/install/mavros_interface/share/mavros_interface/package.zsh'
[1.367s] Level 1:colcon.colcon_core.environment:create_file_with_runtime_dependencies(/home/stajyer-pc/UAV-Assessment-Template/assessment_ws/install/mavros_interface/share/colcon-core/packages/mavros_interface)
[1.368s] INFO:colcon.colcon_ros.task.ament_python.build:Building ROS package in '/home/stajyer-pc/UAV-Assessment-Template/assessment_ws/src/candidate_package' with build type 'ament_python'
[1.368s] Level 1:colcon.colcon_core.shell:create_environment_hook('candidate_package', 'ament_prefix_path')
[1.369s] INFO:colcon.colcon_core.shell:Creating environment hook '/home/stajyer-pc/UAV-Assessment-Template/assessment_ws/install/candidate_package/share/candidate_package/hook/ament_prefix_path.ps1'
[1.370s] INFO:colcon.colcon_core.shell:Creating environment descriptor '/home/stajyer-pc/UAV-Assessment-Template/assessment_ws/install/candidate_package/share/candidate_package/hook/ament_prefix_path.dsv'
[1.370s] INFO:colcon.colcon_core.shell:Creating environment hook '/home/stajyer-pc/UAV-Assessment-Template/assessment_ws/install/candidate_package/share/candidate_package/hook/ament_prefix_path.sh'
[1.371s] INFO:colcon.colcon_core.shell:Skip shell extension 'powershell' for command environment: Not usable outside of PowerShell
[1.371s] DEBUG:colcon.colcon_core.shell:Skip shell extension 'dsv' for command environment
[1.662s] INFO:colcon.colcon_core.task.python.build:Building Python package in '/home/stajyer-pc/UAV-Assessment-Template/assessment_ws/src/candidate_package'
[1.663s] INFO:colcon.colcon_core.shell:Skip shell extension 'powershell' for command environment: Not usable outside of PowerShell
[1.663s] DEBUG:colcon.colcon_core.shell:Skip shell extension 'dsv' for command environment
[2.017s] DEBUG:colcon.colcon_core.event_handler.log_command:Invoking command in '/home/stajyer-pc/UAV-Assessment-Template/assessment_ws/src/candidate_package': AMENT_PREFIX_PATH=/home/stajyer-pc/UAV-Assessment-Template/assessment_ws/install/mavros_interface:${AMENT_PREFIX_PATH} PYTHONPATH=/home/stajyer-pc/UAV-Assessment-Template/assessment_ws/build/candidate_package/prefix_override:/usr/lib/python3/dist-packages/colcon_core/task/python/colcon_distutils_commands:/home/stajyer-pc/UAV-Assessment-Template/assessment_ws/install/candidate_package/lib/python3.10/site-packages:/home/stajyer-pc/UAV-Assessment-Template/assessment_ws/install/mavros_interface/lib/python3.10/site-packages:${PYTHONPATH} /usr/bin/python3 -W ignore:setup.py install is deprecated -W ignore:easy_install command is deprecated setup.py egg_info --egg-base ../../build/candidate_package build --build-base /home/stajyer-pc/UAV-Assessment-Template/assessment_ws/build/candidate_package/build install --record /home/stajyer-pc/UAV-Assessment-Template/assessment_ws/build/candidate_package/install.log --single-version-externally-managed install_data
[2.342s] Level 1:colcon.colcon_core.environment:checking '/home/stajyer-pc/UAV-Assessment-Template/assessment_ws/install/candidate_package' for CMake module files
[2.343s] DEBUG:colcon.colcon_core.event_handler.log_command:Invoked command in '/home/stajyer-pc/UAV-Assessment-Template/assessment_ws/src/candidate_package' returned '0': AMENT_PREFIX_PATH=/home/stajyer-pc/UAV-Assessment-Template/assessment_ws/install/mavros_interface:${AMENT_PREFIX_PATH} PYTHONPATH=/home/stajyer-pc/UAV-Assessment-Template/assessment_ws/build/candidate_package/prefix_override:/usr/lib/python3/dist-packages/colcon_core/task/python/colcon_distutils_commands:/home/stajyer-pc/UAV-Assessment-Template/assessment_ws/install/candidate_package/lib/python3.10/site-packages:/home/stajyer-pc/UAV-Assessment-Template/assessment_ws/install/mavros_interface/lib/python3.10/site-packages:${PYTHONPATH} /usr/bin/python3 -W ignore:setup.py install is deprecated -W ignore:easy_install command is deprecated setup.py egg_info --egg-base ../../build/candidate_package build --build-base /home/stajyer-pc/UAV-Assessment-Template/assessment_ws/build/candidate_package/build install --record /home/stajyer-pc/UAV-Assessment-Template/assessment_ws/build/candidate_package/install.log --single-version-externally-managed install_data
[2.343s] Level 1:colcon.colcon_core.environment:checking '/home/stajyer-pc/UAV-Assessment-Template/assessment_ws/install/candidate_package' for CMake config files
[2.344s] Level 1:colcon.colcon_core.environment:checking '/home/stajyer-pc/UAV-Assessment-Template/assessment_ws/install/candidate_package/lib'
[2.344s] Level 1:colcon.colcon_core.environment:checking '/home/stajyer-pc/UAV-Assessment-Template/assessment_ws/install/candidate_package/bin'
[2.344s] Level 1:colcon.colcon_core.environment:checking '/home/stajyer-pc/UAV-Assessment-Template/assessment_ws/install/candidate_package/lib/pkgconfig/candidate_package.pc'
[2.344s] Level 1:colcon.colcon_core.environment:checking '/home/stajyer-pc/UAV-Assessment-Template/assessment_ws/install/candidate_package/lib/python3.10/site-packages'
[2.345s] Level 1:colcon.colcon_core.shell:create_environment_hook('candidate_package', 'pythonpath')
[2.345s] INFO:colcon.colcon_core.shell:Creating environment hook '/home/stajyer-pc/UAV-Assessment-Template/assessment_ws/install/candidate_package/share/candidate_package/hook/pythonpath.ps1'
[2.345s] INFO:colcon.colcon_core.shell:Creating environment descriptor '/home/stajyer-pc/UAV-Assessment-Template/assessment_ws/install/candidate_package/share/candidate_package/hook/pythonpath.dsv'
[2.346s] INFO:colcon.colcon_core.shell:Creating environment hook '/home/stajyer-pc/UAV-Assessment-Template/assessment_ws/install/candidate_package/share/candidate_package/hook/pythonpath.sh'
[2.347s] Level 1:colcon.colcon_core.environment:checking '/home/stajyer-pc/UAV-Assessment-Template/assessment_ws/install/candidate_package/bin'
[2.347s] Level 1:colcon.colcon_core.environment:create_environment_scripts_only(candidate_package)
[2.347s] INFO:colcon.colcon_core.shell:Creating package script '/home/stajyer-pc/UAV-Assessment-Template/assessment_ws/install/candidate_package/share/candidate_package/package.ps1'
[2.348s] INFO:colcon.colcon_core.shell:Creating package descriptor '/home/stajyer-pc/UAV-Assessment-Template/assessment_ws/install/candidate_package/share/candidate_package/package.dsv'
[2.348s] INFO:colcon.colcon_core.shell:Creating package script '/home/stajyer-pc/UAV-Assessment-Template/assessment_ws/install/candidate_package/share/candidate_package/package.sh'
[2.349s] INFO:colcon.colcon_core.shell:Creating package script '/home/stajyer-pc/UAV-Assessment-Template/assessment_ws/install/candidate_package/share/candidate_package/package.bash'
[2.350s] INFO:colcon.colcon_core.shell:Creating package script '/home/stajyer-pc/UAV-Assessment-Template/assessment_ws/install/candidate_package/share/candidate_package/package.zsh'
[2.351s] Level 1:colcon.colcon_core.environment:create_file_with_runtime_dependencies(/home/stajyer-pc/UAV-Assessment-Template/assessment_ws/install/candidate_package/share/colcon-core/packages/candidate_package)
[2.351s] INFO:colcon.colcon_ros.task.ament_python.build:Building ROS package in '/home/stajyer-pc/UAV-Assessment-Template/assessment_ws/src/test_package' with build type 'ament_python'
[2.351s] Level 1:colcon.colcon_core.shell:create_environment_hook('test_package', 'ament_prefix_path')
[2.352s] INFO:colcon.colcon_core.shell:Creating environment hook '/home/stajyer-pc/UAV-Assessment-Template/assessment_ws/install/test_package/share/test_package/hook/ament_prefix_path.ps1'
[2.353s] INFO:colcon.colcon_core.shell:Creating environment descriptor '/home/stajyer-pc/UAV-Assessment-Template/assessment_ws/install/test_package/share/test_package/hook/ament_prefix_path.dsv'
[2.353s] INFO:colcon.colcon_core.shell:Creating environment hook '/home/stajyer-pc/UAV-Assessment-Template/assessment_ws/install/test_package/share/test_package/hook/ament_prefix_path.sh'
[2.354s] INFO:colcon.colcon_core.shell:Skip shell extension 'powershell' for command environment: Not usable outside of PowerShell
[2.354s] DEBUG:colcon.colcon_core.shell:Skip shell extension 'dsv' for command environment
[2.653s] INFO:colcon.colcon_core.task.python.build:Building Python package in '/home/stajyer-pc/UAV-Assessment-Template/assessment_ws/src/test_package'
[2.654s] INFO:colcon.colcon_core.shell:Skip shell extension 'powershell' for command environment: Not usable outside of PowerShell
[2.654s] DEBUG:colcon.colcon_core.shell:Skip shell extension 'dsv' for command environment
[3.026s] DEBUG:colcon.colcon_core.event_handler.log_command:Invoking command in '/home/stajyer-pc/UAV-Assessment-Template/assessment_ws/src/test_package': AMENT_PREFIX_PATH=/home/stajyer-pc/UAV-Assessment-Template/assessment_ws/install/candidate_package:/home/stajyer-pc/UAV-Assessment-Template/assessment_ws/install/mavros_interface:${AMENT_PREFIX_PATH} PYTHONPATH=/home/stajyer-pc/UAV-Assessment-Template/assessment_ws/build/test_package/prefix_override:/usr/lib/python3/dist-packages/colcon_core/task/python/colcon_distutils_commands:/home/stajyer-pc/UAV-Assessment-Template/assessment_ws/install/test_package/lib/python3.10/site-packages:/home/stajyer-pc/UAV-Assessment-Template/assessment_ws/install/candidate_package/lib/python3.10/site-packages:/home/stajyer-pc/UAV-Assessment-Template/assessment_ws/install/mavros_interface/lib/python3.10/site-packages:${PYTHONPATH} /usr/bin/python3 -W ignore:setup.py install is deprecated -W ignore:easy_install command is deprecated setup.py egg_info --egg-base ../../build/test_package build --build-base /home/stajyer-pc/UAV-Assessment-Template/assessment_ws/build/test_package/build install --record /home/stajyer-pc/UAV-Assessment-Template/assessment_ws/build/test_package/install.log --single-version-externally-managed install_data
[3.355s] Level 1:colcon.colcon_core.environment:checking '/home/stajyer-pc/UAV-Assessment-Template/assessment_ws/install/test_package' for CMake module files
[3.355s] DEBUG:colcon.colcon_core.event_handler.log_command:Invoked command in '/home/stajyer-pc/UAV-Assessment-Template/assessment_ws/src/test_package' returned '0': AMENT_PREFIX_PATH=/home/stajyer-pc/UAV-Assessment-Template/assessment_ws/install/candidate_package:/home/stajyer-pc/UAV-Assessment-Template/assessment_ws/install/mavros_interface:${AMENT_PREFIX_PATH} PYTHONPATH=/home/stajyer-pc/UAV-Assessment-Template/assessment_ws/build/test_package/prefix_override:/usr/lib/python3/dist-packages/colcon_core/task/python/colcon_distutils_commands:/home/stajyer-pc/UAV-Assessment-Template/assessment_ws/install/test_package/lib/python3.10/site-packages:/home/stajyer-pc/UAV-Assessment-Template/assessment_ws/install/candidate_package/lib/python3.10/site-packages:/home/stajyer-pc/UAV-Assessment-Template/assessment_ws/install/mavros_interface/lib/python3.10/site-packages:${PYTHONPATH} /usr/bin/python3 -W ignore:setup.py install is deprecated -W ignore:easy_install command is deprecated setup.py egg_info --egg-base ../../build/test_package build --build-base /home/stajyer-pc/UAV-Assessment-Template/assessment_ws/build/test_package/build install --record /home/stajyer-pc/UAV-Assessment-Template/assessment_ws/build/test_package/install.log --single-version-externally-managed install_data
[3.356s] Level 1:colcon.colcon_core.environment:checking '/home/stajyer-pc/UAV-Assessment-Template/assessment_ws/install/test_package' for CMake config files
[3.356s] Level 1:colcon.colcon_core.environment:checking '/home/stajyer-pc/UAV-Assessment-Template/assessment_ws/install/test_package/lib'
[3.356s] Level 1:colcon.colcon_core.environment:checking '/home/stajyer-pc/UAV-Assessment-Template/assessment_ws/install/test_package/bin'
[3.356s] Level 1:colcon.colcon_core.environment:checking '/home/stajyer-pc/UAV-Assessment-Template/assessment_ws/install/test_package/lib/pkgconfig/test_package.pc'
[3.357s] Level 1:colcon.colcon_core.environment:checking '/home/stajyer-pc/UAV-Assessment-Template/assessment_ws/install/test_package/lib/python3.10/site-packages'
[3.357s] Level 1:colcon.colcon_core.shell:create_environment_hook('test_package', 'pythonpath')
[3.357s] INFO:colcon.colcon_core.shell:Creating environment hook '/home/stajyer-pc/UAV-Assessment-Template/assessment_ws/install/test_package/share/test_package/hook/pythonpath.ps1'
[3.357s] INFO:colcon.colcon_core.shell:Creating environment descriptor '/home/stajyer-pc/UAV-Assessment-Template/assessment_ws/install/test_package/share/test_package/hook/pythonpath.dsv'
[3.358s] INFO:colcon.colcon_core.shell:Creating environment hook '/home/stajyer-pc/UAV-Assessment-Template/assessment_ws/install/test_package/share/test_package/hook/pythonpath.sh'
[3.358s] Level 1:colcon.colcon_core.environment:checking '/home/stajyer-pc/UAV-Assessment-Template/assessment_ws/install/test_package/bin'
[3.358s] Level 1:colcon.colcon_core.environment:create_environment_scripts_only(test_package)
[3.359s] INFO:colcon.colcon_core.shell:Creating package script '/home/stajyer-pc/UAV-Assessment-Template/assessment_ws/install/test_package/share/test_package/package.ps1'
[3.359s] INFO:colcon.colcon_core.shell:Creating package descriptor '/home/stajyer-pc/UAV-Assessment-Template/assessment_ws/install/test_package/share/test_package/package.dsv'
[3.360s] INFO:colcon.colcon_core.shell:Creating package script '/home/stajyer-pc/UAV-Assessment-Template/assessment_ws/install/test_package/share/test_package/package.sh'
[3.360s] INFO:colcon.colcon_core.shell:Creating package script '/home/stajyer-pc/UAV-Assessment-Template/assessment_ws/install/test_package/share/test_package/package.bash'
[3.360s] INFO:colcon.colcon_core.shell:Creating package script '/home/stajyer-pc/UAV-Assessment-Template/assessment_ws/install/test_package/share/test_package/package.zsh'
[3.361s] Level 1:colcon.colcon_core.environment:create_file_with_runtime_dependencies(/home/stajyer-pc/UAV-Assessment-Template/assessment_ws/install/test_package/share/colcon-core/packages/test_package)
[3.361s] DEBUG:colcon.colcon_parallel_executor.executor.parallel:closing loop
[3.361s] DEBUG:colcon.colcon_parallel_executor.executor.parallel:loop closed
[3.361s] DEBUG:colcon.colcon_parallel_executor.executor.parallel:run_until_complete finished with '0'
[3.361s] DEBUG:colcon.colcon_core.event_reactor:joining thread
[3.366s] INFO:colcon.colcon_core.plugin_system:Skipping extension 'colcon_notification.desktop_notification.terminal_notifier': Not used on non-Darwin systems
[3.366s] INFO:colcon.colcon_core.plugin_system:Skipping extension 'colcon_notification.desktop_notification.win32': Not used on non-Windows systems
[3.366s] INFO:colcon.colcon_notification.desktop_notification:Sending desktop notification using 'notify2'
[3.378s] DEBUG:colcon.colcon_core.event_reactor:joined thread
[3.378s] INFO:colcon.colcon_core.shell:Creating prefix script '/home/stajyer-pc/UAV-Assessment-Template/assessment_ws/install/local_setup.ps1'
[3.380s] INFO:colcon.colcon_core.shell:Creating prefix util module '/home/stajyer-pc/UAV-Assessment-Template/assessment_ws/install/_local_setup_util_ps1.py'
[3.381s] INFO:colcon.colcon_core.shell:Creating prefix chain script '/home/stajyer-pc/UAV-Assessment-Template/assessment_ws/install/setup.ps1'
[3.382s] INFO:colcon.colcon_core.shell:Creating prefix script '/home/stajyer-pc/UAV-Assessment-Template/assessment_ws/install/local_setup.sh'
[3.383s] INFO:colcon.colcon_core.shell:Creating prefix util module '/home/stajyer-pc/UAV-Assessment-Template/assessment_ws/install/_local_setup_util_sh.py'
[3.384s] INFO:colcon.colcon_core.shell:Creating prefix chain script '/home/stajyer-pc/UAV-Assessment-Template/assessment_ws/install/setup.sh'
[3.385s] INFO:colcon.colcon_core.shell:Creating prefix script '/home/stajyer-pc/UAV-Assessment-Template/assessment_ws/install/local_setup.bash'
[3.386s] INFO:colcon.colcon_core.shell:Creating prefix chain script '/home/stajyer-pc/UAV-Assessment-Template/assessment_ws/install/setup.bash'
[3.386s] INFO:colcon.colcon_core.shell:Creating prefix script '/home/stajyer-pc/UAV-Assessment-Template/assessment_ws/install/local_setup.zsh'
[3.387s] INFO:colcon.colcon_core.shell:Creating prefix chain script '/home/stajyer-pc/UAV-Assessment-Template/assessment_ws/install/setup.zsh'
