[0.647s] Invoking command in '/home/stajyer-pc/UAV-Assessment-Template/assessment_ws/src/candidate_package': AMENT_PREFIX_PATH=/home/stajyer-pc/UAV-Assessment-Template/assessment_ws/install/mavros_interface:${AMENT_PREFIX_PATH} PYTHONPATH=/home/stajyer-pc/UAV-Assessment-Template/assessment_ws/build/candidate_package/prefix_override:/usr/lib/python3/dist-packages/colcon_core/task/python/colcon_distutils_commands:/home/stajyer-pc/UAV-Assessment-Template/assessment_ws/install/candidate_package/lib/python3.10/site-packages:/home/stajyer-pc/UAV-Assessment-Template/assessment_ws/install/mavros_interface/lib/python3.10/site-packages:${PYTHONPATH} /usr/bin/python3 -W ignore:setup.py install is deprecated -W ignore:easy_install command is deprecated setup.py egg_info --egg-base ../../build/candidate_package build --build-base /home/stajyer-pc/UAV-Assessment-Template/assessment_ws/build/candidate_package/build install --record /home/stajyer-pc/UAV-Assessment-Template/assessment_ws/build/candidate_package/install.log --single-version-externally-managed install_data
[0.902s] running egg_info
[0.902s] writing ../../build/candidate_package/candidate_package.egg-info/PKG-INFO
[0.902s] writing dependency_links to ../../build/candidate_package/candidate_package.egg-info/dependency_links.txt
[0.903s] writing entry points to ../../build/candidate_package/candidate_package.egg-info/entry_points.txt
[0.903s] writing requirements to ../../build/candidate_package/candidate_package.egg-info/requires.txt
[0.903s] writing top-level names to ../../build/candidate_package/candidate_package.egg-info/top_level.txt
[0.905s] reading manifest file '../../build/candidate_package/candidate_package.egg-info/SOURCES.txt'
[0.906s] writing manifest file '../../build/candidate_package/candidate_package.egg-info/SOURCES.txt'
[0.906s] running build
[0.906s] running build_py
[0.906s] running install
[0.906s] running install_lib
[0.907s] running install_data
[0.907s] running install_egg_info
[0.909s] removing '/home/stajyer-pc/UAV-Assessment-Template/assessment_ws/install/candidate_package/lib/python3.10/site-packages/candidate_package-0.0.1-py3.10.egg-info' (and everything under it)
[0.910s] Copying ../../build/candidate_package/candidate_package.egg-info to /home/stajyer-pc/UAV-Assessment-Template/assessment_ws/install/candidate_package/lib/python3.10/site-packages/candidate_package-0.0.1-py3.10.egg-info
[0.910s] running install_scripts
[0.937s] Installing run_task script to /home/stajyer-pc/UAV-Assessment-Template/assessment_ws/install/candidate_package/lib/candidate_package
[0.937s] writing list of installed files to '/home/stajyer-pc/UAV-Assessment-Template/assessment_ws/build/candidate_package/install.log'
[0.973s] Invoked command in '/home/stajyer-pc/UAV-Assessment-Template/assessment_ws/src/candidate_package' returned '0': AMENT_PREFIX_PATH=/home/stajyer-pc/UAV-Assessment-Template/assessment_ws/install/mavros_interface:${AMENT_PREFIX_PATH} PYTHONPATH=/home/stajyer-pc/UAV-Assessment-Template/assessment_ws/build/candidate_package/prefix_override:/usr/lib/python3/dist-packages/colcon_core/task/python/colcon_distutils_commands:/home/stajyer-pc/UAV-Assessment-Template/assessment_ws/install/candidate_package/lib/python3.10/site-packages:/home/stajyer-pc/UAV-Assessment-Template/assessment_ws/install/mavros_interface/lib/python3.10/site-packages:${PYTHONPATH} /usr/bin/python3 -W ignore:setup.py install is deprecated -W ignore:easy_install command is deprecated setup.py egg_info --egg-base ../../build/candidate_package build --build-base /home/stajyer-pc/UAV-Assessment-Template/assessment_ws/build/candidate_package/build install --record /home/stajyer-pc/UAV-Assessment-Template/assessment_ws/build/candidate_package/install.log --single-version-externally-managed install_data
