[0.413s] Invoking command in '/home/cagan/mulakat-test-titra/build/candidate_package': AMENT_PREFIX_PATH=/home/cagan/mulakat-test-titra/install/mavros_interface:${AMENT_PREFIX_PATH} PYTHONPATH=/home/cagan/mulakat-test-titra/build/candidate_package/prefix_override:/usr/lib/python3/dist-packages/colcon_core/task/python/colcon_distutils_commands:/home/cagan/mulakat-test-titra/install/candidate_package/lib/python3.10/site-packages:/home/cagan/mulakat-test-titra/build/mavros_interface:/home/cagan/mulakat-test-titra/install/mavros_interface/lib/python3.10/site-packages:${PYTHONPATH} /usr/bin/python3 -W ignore:setup.py install is deprecated -W ignore:easy_install command is deprecated setup.py develop --editable --build-directory /home/cagan/mulakat-test-titra/build/candidate_package/build --no-deps symlink_data
[0.593s] running develop
[0.719s] running egg_info
[0.719s] creating candidate_package.egg-info
[0.719s] writing candidate_package.egg-info/PKG-INFO
[0.719s] writing dependency_links to candidate_package.egg-info/dependency_links.txt
[0.719s] writing entry points to candidate_package.egg-info/entry_points.txt
[0.719s] writing requirements to candidate_package.egg-info/requires.txt
[0.720s] writing top-level names to candidate_package.egg-info/top_level.txt
[0.720s] writing manifest file 'candidate_package.egg-info/SOURCES.txt'
[0.721s] reading manifest file 'candidate_package.egg-info/SOURCES.txt'
[0.722s] writing manifest file 'candidate_package.egg-info/SOURCES.txt'
[0.723s] running build_ext
[0.723s] Creating /home/cagan/mulakat-test-titra/install/candidate_package/lib/python3.10/site-packages/candidate-package.egg-link (link to .)
[0.723s] Installing run_task script to /home/cagan/mulakat-test-titra/install/candidate_package/lib/candidate_package
[0.723s] 
[0.723s] Installed /home/cagan/mulakat-test-titra/build/candidate_package
[0.724s] running symlink_data
[0.724s] creating /home/cagan/mulakat-test-titra/install/candidate_package/share/ament_index
[0.724s] creating /home/cagan/mulakat-test-titra/install/candidate_package/share/ament_index/resource_index
[0.728s] creating /home/cagan/mulakat-test-titra/install/candidate_package/share/ament_index/resource_index/packages
[0.728s] symbolically linking /home/cagan/mulakat-test-titra/build/candidate_package/resource/candidate_package -> /home/cagan/mulakat-test-titra/install/candidate_package/share/ament_index/resource_index/packages
[0.728s] symbolically linking /home/cagan/mulakat-test-titra/build/candidate_package/package.xml -> /home/cagan/mulakat-test-titra/install/candidate_package/share/candidate_package
[0.749s] Invoked command in '/home/cagan/mulakat-test-titra/build/candidate_package' returned '0': AMENT_PREFIX_PATH=/home/cagan/mulakat-test-titra/install/mavros_interface:${AMENT_PREFIX_PATH} PYTHONPATH=/home/cagan/mulakat-test-titra/build/candidate_package/prefix_override:/usr/lib/python3/dist-packages/colcon_core/task/python/colcon_distutils_commands:/home/cagan/mulakat-test-titra/install/candidate_package/lib/python3.10/site-packages:/home/cagan/mulakat-test-titra/build/mavros_interface:/home/cagan/mulakat-test-titra/install/mavros_interface/lib/python3.10/site-packages:${PYTHONPATH} /usr/bin/python3 -W ignore:setup.py install is deprecated -W ignore:easy_install command is deprecated setup.py develop --editable --build-directory /home/cagan/mulakat-test-titra/build/candidate_package/build --no-deps symlink_data
