[0.085s] DEBUG:colcon:Command line arguments: ['/usr/bin/colcon', 'build', '--packages-select', 'test_package']
[0.085s] DEBUG:colcon:Parsed command line arguments: Namespace(log_base=None, log_level=None, verb_name='build', build_base='build', install_base='install', merge_install=False, symlink_install=False, test_result_base=None, continue_on_error=False, executor='parallel', parallel_workers=8, event_handlers=None, ignore_user_meta=False, metas=['./colcon.meta'], base_paths=['.'], packages_ignore=None, packages_ignore_regex=None, paths=None, packages_up_to=None, packages_up_to_regex=None, packages_above=None, packages_above_and_dependencies=None, packages_above_depth=None, packages_select_by_dep=None, packages_skip_by_dep=None, packages_skip_up_to=None, packages_select_build_failed=False, packages_skip_build_finished=False, packages_select_test_failures=False, packages_skip_test_passed=False, packages_select=['test_package'], packages_skip=None, packages_select_regex=None, packages_skip_regex=None, packages_start=None, packages_end=None, allow_overriding=[], cmake_args=None, cmake_target=None, cmake_target_skip_unavailable=False, cmake_clean_cache=False, cmake_clean_first=False, cmake_force_configure=False, ament_cmake_args=None, catkin_cmake_args=None, catkin_skip_building_tests=False, mixin_files=None, mixin=None, verb_parser=<colcon_mixin.mixin.mixin_argument.MixinArgumentDecorator object at 0x7e58eb061f00>, verb_extension=<colcon_core.verb.build.BuildVerb object at 0x7e58eb166e90>, main=<bound method BuildVerb.main of <colcon_core.verb.build.BuildVerb object at 0x7e58eb166e90>>, mixin_verb=('build',))
[0.212s] Level 1:colcon.colcon_core.package_discovery:discover_packages(colcon_meta) check parameters
[0.212s] Level 1:colcon.colcon_core.package_discovery:discover_packages(recursive) check parameters
[0.212s] Level 1:colcon.colcon_core.package_discovery:discover_packages(ignore) check parameters
[0.212s] Level 1:colcon.colcon_core.package_discovery:discover_packages(path) check parameters
[0.212s] Level 1:colcon.colcon_core.package_discovery:discover_packages(colcon_meta) discover
[0.212s] Level 1:colcon.colcon_core.package_discovery:discover_packages(recursive) discover
[0.212s] INFO:colcon.colcon_core.package_discovery:Crawling recursively for packages in '/home/cagan/mulakat-test-titra'
[0.212s] Level 1:colcon.colcon_core.package_identification:_identify(.) by extensions ['ignore', 'ignore_ament_install']
[0.212s] Level 1:colcon.colcon_core.package_identification:_identify(.) by extension 'ignore'
[0.212s] Level 1:colcon.colcon_core.package_identification:_identify(.) by extension 'ignore_ament_install'
[0.212s] Level 1:colcon.colcon_core.package_identification:_identify(.) by extensions ['colcon_pkg']
[0.212s] Level 1:colcon.colcon_core.package_identification:_identify(.) by extension 'colcon_pkg'
[0.212s] Level 1:colcon.colcon_core.package_identification:_identify(.) by extensions ['colcon_meta']
[0.212s] Level 1:colcon.colcon_core.package_identification:_identify(.) by extension 'colcon_meta'
[0.212s] Level 1:colcon.colcon_core.package_identification:_identify(.) by extensions ['ros']
[0.212s] Level 1:colcon.colcon_core.package_identification:_identify(.) by extension 'ros'
[0.220s] Level 1:colcon.colcon_core.package_identification:_identify(.) by extensions ['cmake', 'python']
[0.220s] Level 1:colcon.colcon_core.package_identification:_identify(.) by extension 'cmake'
[0.220s] Level 1:colcon.colcon_core.package_identification:_identify(.) by extension 'python'
[0.220s] Level 1:colcon.colcon_core.package_identification:_identify(.) by extensions ['python_setup_py']
[0.220s] Level 1:colcon.colcon_core.package_identification:_identify(.) by extension 'python_setup_py'
[0.220s] Level 1:colcon.colcon_core.package_identification:_identify(build) by extensions ['ignore', 'ignore_ament_install']
[0.220s] Level 1:colcon.colcon_core.package_identification:_identify(build) by extension 'ignore'
[0.220s] Level 1:colcon.colcon_core.package_identification:_identify(build) ignored
[0.221s] Level 1:colcon.colcon_core.package_identification:_identify(install) by extensions ['ignore', 'ignore_ament_install']
[0.221s] Level 1:colcon.colcon_core.package_identification:_identify(install) by extension 'ignore'
[0.221s] Level 1:colcon.colcon_core.package_identification:_identify(install) ignored
[0.221s] Level 1:colcon.colcon_core.package_identification:_identify(log) by extensions ['ignore', 'ignore_ament_install']
[0.221s] Level 1:colcon.colcon_core.package_identification:_identify(log) by extension 'ignore'
[0.221s] Level 1:colcon.colcon_core.package_identification:_identify(log) ignored
[0.221s] Level 1:colcon.colcon_core.package_identification:_identify(src) by extensions ['ignore', 'ignore_ament_install']
[0.221s] Level 1:colcon.colcon_core.package_identification:_identify(src) by extension 'ignore'
[0.221s] Level 1:colcon.colcon_core.package_identification:_identify(src) by extension 'ignore_ament_install'
[0.221s] Level 1:colcon.colcon_core.package_identification:_identify(src) by extensions ['colcon_pkg']
[0.221s] Level 1:colcon.colcon_core.package_identification:_identify(src) by extension 'colcon_pkg'
[0.221s] Level 1:colcon.colcon_core.package_identification:_identify(src) by extensions ['colcon_meta']
[0.221s] Level 1:colcon.colcon_core.package_identification:_identify(src) by extension 'colcon_meta'
[0.221s] Level 1:colcon.colcon_core.package_identification:_identify(src) by extensions ['ros']
[0.221s] Level 1:colcon.colcon_core.package_identification:_identify(src) by extension 'ros'
[0.221s] Level 1:colcon.colcon_core.package_identification:_identify(src) by extensions ['cmake', 'python']
[0.221s] Level 1:colcon.colcon_core.package_identification:_identify(src) by extension 'cmake'
[0.221s] Level 1:colcon.colcon_core.package_identification:_identify(src) by extension 'python'
[0.221s] Level 1:colcon.colcon_core.package_identification:_identify(src) by extensions ['python_setup_py']
[0.221s] Level 1:colcon.colcon_core.package_identification:_identify(src) by extension 'python_setup_py'
[0.221s] Level 1:colcon.colcon_core.package_identification:_identify(src/candidate_package) by extensions ['ignore', 'ignore_ament_install']
[0.221s] Level 1:colcon.colcon_core.package_identification:_identify(src/candidate_package) by extension 'ignore'
[0.221s] Level 1:colcon.colcon_core.package_identification:_identify(src/candidate_package) by extension 'ignore_ament_install'
[0.221s] Level 1:colcon.colcon_core.package_identification:_identify(src/candidate_package) by extensions ['colcon_pkg']
[0.221s] Level 1:colcon.colcon_core.package_identification:_identify(src/candidate_package) by extension 'colcon_pkg'
[0.221s] Level 1:colcon.colcon_core.package_identification:_identify(src/candidate_package) by extensions ['colcon_meta']
[0.221s] Level 1:colcon.colcon_core.package_identification:_identify(src/candidate_package) by extension 'colcon_meta'
[0.221s] Level 1:colcon.colcon_core.package_identification:_identify(src/candidate_package) by extensions ['ros']
[0.221s] Level 1:colcon.colcon_core.package_identification:_identify(src/candidate_package) by extension 'ros'
[0.223s] DEBUG:colcon.colcon_core.package_identification:Package 'src/candidate_package' with type 'ros.ament_python' and name 'candidate_package'
[0.223s] Level 1:colcon.colcon_core.package_identification:_identify(src/mavros_interface) by extensions ['ignore', 'ignore_ament_install']
[0.223s] Level 1:colcon.colcon_core.package_identification:_identify(src/mavros_interface) by extension 'ignore'
[0.223s] Level 1:colcon.colcon_core.package_identification:_identify(src/mavros_interface) by extension 'ignore_ament_install'
[0.223s] Level 1:colcon.colcon_core.package_identification:_identify(src/mavros_interface) by extensions ['colcon_pkg']
[0.223s] Level 1:colcon.colcon_core.package_identification:_identify(src/mavros_interface) by extension 'colcon_pkg'
[0.223s] Level 1:colcon.colcon_core.package_identification:_identify(src/mavros_interface) by extensions ['colcon_meta']
[0.223s] Level 1:colcon.colcon_core.package_identification:_identify(src/mavros_interface) by extension 'colcon_meta'
[0.223s] Level 1:colcon.colcon_core.package_identification:_identify(src/mavros_interface) by extensions ['ros']
[0.223s] Level 1:colcon.colcon_core.package_identification:_identify(src/mavros_interface) by extension 'ros'
[0.224s] DEBUG:colcon.colcon_core.package_identification:Package 'src/mavros_interface' with type 'ros.ament_python' and name 'mavros_interface'
[0.224s] Level 1:colcon.colcon_core.package_identification:_identify(src/test_package) by extensions ['ignore', 'ignore_ament_install']
[0.224s] Level 1:colcon.colcon_core.package_identification:_identify(src/test_package) by extension 'ignore'
[0.224s] Level 1:colcon.colcon_core.package_identification:_identify(src/test_package) by extension 'ignore_ament_install'
[0.224s] Level 1:colcon.colcon_core.package_identification:_identify(src/test_package) by extensions ['colcon_pkg']
[0.225s] Level 1:colcon.colcon_core.package_identification:_identify(src/test_package) by extension 'colcon_pkg'
[0.225s] Level 1:colcon.colcon_core.package_identification:_identify(src/test_package) by extensions ['colcon_meta']
[0.225s] Level 1:colcon.colcon_core.package_identification:_identify(src/test_package) by extension 'colcon_meta'
[0.225s] Level 1:colcon.colcon_core.package_identification:_identify(src/test_package) by extensions ['ros']
[0.225s] Level 1:colcon.colcon_core.package_identification:_identify(src/test_package) by extension 'ros'
[0.225s] DEBUG:colcon.colcon_core.package_identification:Failed to parse potential ROS package manifest in'src/test_package': Error(s) in package 'src/test_package/package.xml':
The manifest contains invalid XML:
mismatched tag: line 17, column 4
[0.225s] Level 1:colcon.colcon_core.package_identification:_identify(src/test_package) by extensions ['cmake', 'python']
[0.225s] Level 1:colcon.colcon_core.package_identification:_identify(src/test_package) by extension 'cmake'
[0.225s] Level 1:colcon.colcon_core.package_identification:_identify(src/test_package) by extension 'python'
[0.225s] DEBUG:colcon.colcon_core.package_identification:Python package in 'src/test_package' passes arguments to the setup() function which requires a different identification extension than 'python'
[0.225s] Level 1:colcon.colcon_core.package_identification:_identify(src/test_package) by extensions ['python_setup_py']
[0.225s] Level 1:colcon.colcon_core.package_identification:_identify(src/test_package) by extension 'python_setup_py'
[0.404s] ERROR:colcon.colcon_core.package_identification:Exception in package identification extension 'python_setup_py' in 'src/test_package': Command '['/usr/bin/python3', '-c', 'import sys;from contextlib import suppress;exec("with suppress(ImportError):    from setuptools.extern.packaging.specifiers    import SpecifierSet");exec("with suppress(ImportError):    from packaging.specifiers import SpecifierSet");from distutils.core import run_setup;dist = run_setup(    \'setup.py\', script_args=(\'--dry-run\',), stop_after=\'config\');skip_keys = (\'cmdclass\', \'distclass\', \'ext_modules\', \'metadata\');data = {    key: value for key, value in dist.__dict__.items()     if (        not key.startswith(\'_\') and         not callable(value) and         key not in skip_keys and         key not in dist.display_option_names    )};data[\'metadata\'] = {    k: v for k, v in dist.metadata.__dict__.items()     if k not in (\'license_files\', \'provides_extras\')};sys.stdout.buffer.write(repr(data).encode(\'utf-8\'))']' returned non-zero exit status 1.
Traceback (most recent call last):
  File "/usr/lib/python3/dist-packages/colcon_core/package_identification/__init__.py", line 144, in _identify
    retval = extension.identify(_reused_descriptor_instance)
  File "/usr/lib/python3/dist-packages/colcon_python_setup_py/package_identification/python_setup_py.py", line 48, in identify
    config = get_setup_information(setup_py)
  File "/usr/lib/python3/dist-packages/colcon_python_setup_py/package_identification/python_setup_py.py", line 249, in get_setup_information
    _setup_information_cache[hashable_env] = _get_setup_information(
  File "/usr/lib/python3/dist-packages/colcon_python_setup_py/package_identification/python_setup_py.py", line 296, in _get_setup_information
    result = subprocess.run(
  File "/usr/lib/python3.10/subprocess.py", line 526, in run
    raise CalledProcessError(retcode, process.args,
subprocess.CalledProcessError: Command '['/usr/bin/python3', '-c', 'import sys;from contextlib import suppress;exec("with suppress(ImportError):    from setuptools.extern.packaging.specifiers    import SpecifierSet");exec("with suppress(ImportError):    from packaging.specifiers import SpecifierSet");from distutils.core import run_setup;dist = run_setup(    \'setup.py\', script_args=(\'--dry-run\',), stop_after=\'config\');skip_keys = (\'cmdclass\', \'distclass\', \'ext_modules\', \'metadata\');data = {    key: value for key, value in dist.__dict__.items()     if (        not key.startswith(\'_\') and         not callable(value) and         key not in skip_keys and         key not in dist.display_option_names    )};data[\'metadata\'] = {    k: v for k, v in dist.metadata.__dict__.items()     if k not in (\'license_files\', \'provides_extras\')};sys.stdout.buffer.write(repr(data).encode(\'utf-8\'))']' returned non-zero exit status 1.

[0.407s] Level 1:colcon.colcon_core.package_identification:_identify(src/test_package/launch) by extensions ['ignore', 'ignore_ament_install']
[0.407s] Level 1:colcon.colcon_core.package_identification:_identify(src/test_package/launch) by extension 'ignore'
[0.407s] Level 1:colcon.colcon_core.package_identification:_identify(src/test_package/launch) by extension 'ignore_ament_install'
[0.407s] Level 1:colcon.colcon_core.package_identification:_identify(src/test_package/launch) by extensions ['colcon_pkg']
[0.407s] Level 1:colcon.colcon_core.package_identification:_identify(src/test_package/launch) by extension 'colcon_pkg'
[0.407s] Level 1:colcon.colcon_core.package_identification:_identify(src/test_package/launch) by extensions ['colcon_meta']
[0.407s] Level 1:colcon.colcon_core.package_identification:_identify(src/test_package/launch) by extension 'colcon_meta'
[0.407s] Level 1:colcon.colcon_core.package_identification:_identify(src/test_package/launch) by extensions ['ros']
[0.407s] Level 1:colcon.colcon_core.package_identification:_identify(src/test_package/launch) by extension 'ros'
[0.408s] Level 1:colcon.colcon_core.package_identification:_identify(src/test_package/launch) by extensions ['cmake', 'python']
[0.408s] Level 1:colcon.colcon_core.package_identification:_identify(src/test_package/launch) by extension 'cmake'
[0.408s] Level 1:colcon.colcon_core.package_identification:_identify(src/test_package/launch) by extension 'python'
[0.408s] Level 1:colcon.colcon_core.package_identification:_identify(src/test_package/launch) by extensions ['python_setup_py']
[0.408s] Level 1:colcon.colcon_core.package_identification:_identify(src/test_package/launch) by extension 'python_setup_py'
[0.408s] Level 1:colcon.colcon_core.package_identification:_identify(src/test_package/resource) by extensions ['ignore', 'ignore_ament_install']
[0.408s] Level 1:colcon.colcon_core.package_identification:_identify(src/test_package/resource) by extension 'ignore'
[0.408s] Level 1:colcon.colcon_core.package_identification:_identify(src/test_package/resource) by extension 'ignore_ament_install'
[0.408s] Level 1:colcon.colcon_core.package_identification:_identify(src/test_package/resource) by extensions ['colcon_pkg']
[0.408s] Level 1:colcon.colcon_core.package_identification:_identify(src/test_package/resource) by extension 'colcon_pkg'
[0.408s] Level 1:colcon.colcon_core.package_identification:_identify(src/test_package/resource) by extensions ['colcon_meta']
[0.408s] Level 1:colcon.colcon_core.package_identification:_identify(src/test_package/resource) by extension 'colcon_meta'
[0.408s] Level 1:colcon.colcon_core.package_identification:_identify(src/test_package/resource) by extensions ['ros']
[0.408s] Level 1:colcon.colcon_core.package_identification:_identify(src/test_package/resource) by extension 'ros'
[0.408s] Level 1:colcon.colcon_core.package_identification:_identify(src/test_package/resource) by extensions ['cmake', 'python']
[0.408s] Level 1:colcon.colcon_core.package_identification:_identify(src/test_package/resource) by extension 'cmake'
[0.408s] Level 1:colcon.colcon_core.package_identification:_identify(src/test_package/resource) by extension 'python'
[0.408s] Level 1:colcon.colcon_core.package_identification:_identify(src/test_package/resource) by extensions ['python_setup_py']
[0.408s] Level 1:colcon.colcon_core.package_identification:_identify(src/test_package/resource) by extension 'python_setup_py'
[0.408s] Level 1:colcon.colcon_core.package_identification:_identify(src/test_package/test) by extensions ['ignore', 'ignore_ament_install']
[0.408s] Level 1:colcon.colcon_core.package_identification:_identify(src/test_package/test) by extension 'ignore'
[0.408s] Level 1:colcon.colcon_core.package_identification:_identify(src/test_package/test) by extension 'ignore_ament_install'
[0.409s] Level 1:colcon.colcon_core.package_identification:_identify(src/test_package/test) by extensions ['colcon_pkg']
[0.409s] Level 1:colcon.colcon_core.package_identification:_identify(src/test_package/test) by extension 'colcon_pkg'
[0.409s] Level 1:colcon.colcon_core.package_identification:_identify(src/test_package/test) by extensions ['colcon_meta']
[0.409s] Level 1:colcon.colcon_core.package_identification:_identify(src/test_package/test) by extension 'colcon_meta'
[0.409s] Level 1:colcon.colcon_core.package_identification:_identify(src/test_package/test) by extensions ['ros']
[0.409s] Level 1:colcon.colcon_core.package_identification:_identify(src/test_package/test) by extension 'ros'
[0.409s] Level 1:colcon.colcon_core.package_identification:_identify(src/test_package/test) by extensions ['cmake', 'python']
[0.409s] Level 1:colcon.colcon_core.package_identification:_identify(src/test_package/test) by extension 'cmake'
[0.409s] Level 1:colcon.colcon_core.package_identification:_identify(src/test_package/test) by extension 'python'
[0.409s] Level 1:colcon.colcon_core.package_identification:_identify(src/test_package/test) by extensions ['python_setup_py']
[0.409s] Level 1:colcon.colcon_core.package_identification:_identify(src/test_package/test) by extension 'python_setup_py'
[0.409s] Level 1:colcon.colcon_core.package_identification:_identify(src/test_package/test_package) by extensions ['ignore', 'ignore_ament_install']
[0.409s] Level 1:colcon.colcon_core.package_identification:_identify(src/test_package/test_package) by extension 'ignore'
[0.409s] Level 1:colcon.colcon_core.package_identification:_identify(src/test_package/test_package) by extension 'ignore_ament_install'
[0.409s] Level 1:colcon.colcon_core.package_identification:_identify(src/test_package/test_package) by extensions ['colcon_pkg']
[0.409s] Level 1:colcon.colcon_core.package_identification:_identify(src/test_package/test_package) by extension 'colcon_pkg'
[0.409s] Level 1:colcon.colcon_core.package_identification:_identify(src/test_package/test_package) by extensions ['colcon_meta']
[0.409s] Level 1:colcon.colcon_core.package_identification:_identify(src/test_package/test_package) by extension 'colcon_meta'
[0.409s] Level 1:colcon.colcon_core.package_identification:_identify(src/test_package/test_package) by extensions ['ros']
[0.409s] Level 1:colcon.colcon_core.package_identification:_identify(src/test_package/test_package) by extension 'ros'
[0.409s] Level 1:colcon.colcon_core.package_identification:_identify(src/test_package/test_package) by extensions ['cmake', 'python']
[0.409s] Level 1:colcon.colcon_core.package_identification:_identify(src/test_package/test_package) by extension 'cmake'
[0.409s] Level 1:colcon.colcon_core.package_identification:_identify(src/test_package/test_package) by extension 'python'
[0.409s] Level 1:colcon.colcon_core.package_identification:_identify(src/test_package/test_package) by extensions ['python_setup_py']
[0.409s] Level 1:colcon.colcon_core.package_identification:_identify(src/test_package/test_package) by extension 'python_setup_py'
[0.409s] Level 1:colcon.colcon_core.package_discovery:discover_packages(recursive) using defaults
[0.409s] Level 1:colcon.colcon_core.package_discovery:discover_packages(ignore) discover
[0.409s] Level 1:colcon.colcon_core.package_discovery:discover_packages(ignore) using defaults
[0.409s] Level 1:colcon.colcon_core.package_discovery:discover_packages(path) discover
[0.409s] Level 1:colcon.colcon_core.package_discovery:discover_packages(path) using defaults
[0.410s] WARNING:colcon.colcon_core.package_selection:ignoring unknown package 'test_package' in --packages-select
[0.436s] INFO:colcon.colcon_core.package_selection:Skipping not selected package 'mavros_interface' in 'src/mavros_interface'
[0.436s] INFO:colcon.colcon_core.package_selection:Skipping not selected package 'candidate_package' in 'src/candidate_package'
[0.443s] Level 1:colcon.colcon_core.package_discovery:discover_packages(prefix_path) check parameters
[0.443s] Level 1:colcon.colcon_core.package_discovery:discover_packages(prefix_path) discover
[0.445s] DEBUG:colcon.colcon_installed_package_information.package_discovery:Found 281 installed packages in /opt/ros/humble
[0.446s] Level 1:colcon.colcon_core.package_discovery:discover_packages(prefix_path) using defaults
[0.469s] INFO:colcon.colcon_core.executor:Executing jobs using 'parallel' executor
[0.470s] DEBUG:colcon.colcon_parallel_executor.executor.parallel:run_until_complete
[0.470s] DEBUG:colcon.colcon_parallel_executor.executor.parallel:closing loop
[0.470s] DEBUG:colcon.colcon_parallel_executor.executor.parallel:loop closed
[0.470s] DEBUG:colcon.colcon_parallel_executor.executor.parallel:run_until_complete finished with '0'
[0.470s] DEBUG:colcon.colcon_core.event_reactor:joining thread
[0.473s] INFO:colcon.colcon_core.plugin_system:Skipping extension 'colcon_notification.desktop_notification.terminal_notifier': Not used on non-Darwin systems
[0.474s] INFO:colcon.colcon_core.plugin_system:Skipping extension 'colcon_notification.desktop_notification.win32': Not used on non-Windows systems
[0.474s] INFO:colcon.colcon_notification.desktop_notification:Sending desktop notification using 'notify2'
[0.486s] DEBUG:colcon.colcon_core.event_reactor:joined thread
[0.490s] INFO:colcon.colcon_core.plugin_system:Skipping extension 'colcon_core.shell.bat': Not used on non-Windows systems
[0.491s] INFO:colcon.colcon_core.shell:Creating prefix script '/home/cagan/mulakat-test-titra/install/local_setup.ps1'
[0.492s] INFO:colcon.colcon_core.shell:Creating prefix util module '/home/cagan/mulakat-test-titra/install/_local_setup_util_ps1.py'
[0.493s] INFO:colcon.colcon_core.shell:Creating prefix chain script '/home/cagan/mulakat-test-titra/install/setup.ps1'
[0.494s] INFO:colcon.colcon_core.shell:Creating prefix script '/home/cagan/mulakat-test-titra/install/local_setup.sh'
[0.495s] INFO:colcon.colcon_core.shell:Creating prefix util module '/home/cagan/mulakat-test-titra/install/_local_setup_util_sh.py'
[0.495s] INFO:colcon.colcon_core.shell:Creating prefix chain script '/home/cagan/mulakat-test-titra/install/setup.sh'
[0.496s] INFO:colcon.colcon_core.shell:Creating prefix script '/home/cagan/mulakat-test-titra/install/local_setup.bash'
[0.496s] INFO:colcon.colcon_core.shell:Creating prefix chain script '/home/cagan/mulakat-test-titra/install/setup.bash'
[0.497s] INFO:colcon.colcon_core.shell:Creating prefix script '/home/cagan/mulakat-test-titra/install/local_setup.zsh'
[0.497s] INFO:colcon.colcon_core.shell:Creating prefix chain script '/home/cagan/mulakat-test-titra/install/setup.zsh'
