running egg_info
creating ../../build/candidate_package/candidate_package.egg-info
writing ../../build/candidate_package/candidate_package.egg-info/PKG-INFO
writing dependency_links to ../../build/candidate_package/candidate_package.egg-info/dependency_links.txt
writing entry points to ../../build/candidate_package/candidate_package.egg-info/entry_points.txt
writing requirements to ../../build/candidate_package/candidate_package.egg-info/requires.txt
writing top-level names to ../../build/candidate_package/candidate_package.egg-info/top_level.txt
writing manifest file '../../build/candidate_package/candidate_package.egg-info/SOURCES.txt'
reading manifest file '../../build/candidate_package/candidate_package.egg-info/SOURCES.txt'
writing manifest file '../../build/candidate_package/candidate_package.egg-info/SOURCES.txt'
running build
running build_py
creating /home/stajyer-pc/UAV-Assessment-Template/assessment_ws/build/candidate_package/build
creating /home/stajyer-pc/UAV-Assessment-Template/assessment_ws/build/candidate_package/build/lib
creating /home/stajyer-pc/UAV-Assessment-Template/assessment_ws/build/candidate_package/build/lib/candidate_package
copying candidate_package/flight_logic.py -> /home/stajyer-pc/UAV-Assessment-Template/assessment_ws/build/candidate_package/build/lib/candidate_package
copying candidate_package/main.py -> /home/stajyer-pc/UAV-Assessment-Template/assessment_ws/build/candidate_package/build/lib/candidate_package
copying candidate_package/__init__.py -> /home/stajyer-pc/UAV-Assessment-Template/assessment_ws/build/candidate_package/build/lib/candidate_package
running install
running install_lib
creating /home/stajyer-pc/UAV-Assessment-Template/assessment_ws/install/candidate_package/lib/python3.10/site-packages/candidate_package
copying /home/stajyer-pc/UAV-Assessment-Template/assessment_ws/build/candidate_package/build/lib/candidate_package/flight_logic.py -> /home/stajyer-pc/UAV-Assessment-Template/assessment_ws/install/candidate_package/lib/python3.10/site-packages/candidate_package
copying /home/stajyer-pc/UAV-Assessment-Template/assessment_ws/build/candidate_package/build/lib/candidate_package/main.py -> /home/stajyer-pc/UAV-Assessment-Template/assessment_ws/install/candidate_package/lib/python3.10/site-packages/candidate_package
copying /home/stajyer-pc/UAV-Assessment-Template/assessment_ws/build/candidate_package/build/lib/candidate_package/__init__.py -> /home/stajyer-pc/UAV-Assessment-Template/assessment_ws/install/candidate_package/lib/python3.10/site-packages/candidate_package
byte-compiling /home/stajyer-pc/UAV-Assessment-Template/assessment_ws/install/candidate_package/lib/python3.10/site-packages/candidate_package/flight_logic.py to flight_logic.cpython-310.pyc
byte-compiling /home/stajyer-pc/UAV-Assessment-Template/assessment_ws/install/candidate_package/lib/python3.10/site-packages/candidate_package/main.py to main.cpython-310.pyc
byte-compiling /home/stajyer-pc/UAV-Assessment-Template/assessment_ws/install/candidate_package/lib/python3.10/site-packages/candidate_package/__init__.py to __init__.cpython-310.pyc
running install_data
creating /home/stajyer-pc/UAV-Assessment-Template/assessment_ws/install/candidate_package/share/ament_index
creating /home/stajyer-pc/UAV-Assessment-Template/assessment_ws/install/candidate_package/share/ament_index/resource_index
creating /home/stajyer-pc/UAV-Assessment-Template/assessment_ws/install/candidate_package/share/ament_index/resource_index/packages
copying resource/candidate_package -> /home/stajyer-pc/UAV-Assessment-Template/assessment_ws/install/candidate_package/share/ament_index/resource_index/packages
copying package.xml -> /home/stajyer-pc/UAV-Assessment-Template/assessment_ws/install/candidate_package/share/candidate_package
running install_egg_info
Copying ../../build/candidate_package/candidate_package.egg-info to /home/stajyer-pc/UAV-Assessment-Template/assessment_ws/install/candidate_package/lib/python3.10/site-packages/candidate_package-0.0.1-py3.10.egg-info
running install_scripts
Installing run_task script to /home/stajyer-pc/UAV-Assessment-Template/assessment_ws/install/candidate_package/lib/candidate_package
writing list of installed files to '/home/stajyer-pc/UAV-Assessment-Template/assessment_ws/build/candidate_package/install.log'
