[0.596s] Invoking command in '/home/stajyer-pc/UAV-Assessment-Template/assessment_ws/src/candidate_package': AMENT_PREFIX_PATH=/home/stajyer-pc/UAV-Assessment-Template/assessment_ws/install/mavros_interface:${AMENT_PREFIX_PATH} PYTHONPATH=/home/stajyer-pc/UAV-Assessment-Template/assessment_ws/build/candidate_package/prefix_override:/usr/lib/python3/dist-packages/colcon_core/task/python/colcon_distutils_commands:/home/stajyer-pc/UAV-Assessment-Template/assessment_ws/install/candidate_package/lib/python3.10/site-packages:/home/stajyer-pc/UAV-Assessment-Template/assessment_ws/install/mavros_interface/lib/python3.10/site-packages:${PYTHONPATH} /usr/bin/python3 -W ignore:setup.py install is deprecated -W ignore:easy_install command is deprecated setup.py egg_info --egg-base ../../build/candidate_package build --build-base /home/stajyer-pc/UAV-Assessment-Template/assessment_ws/build/candidate_package/build install --record /home/stajyer-pc/UAV-Assessment-Template/assessment_ws/build/candidate_package/install.log --single-version-externally-managed install_data
[0.839s] running egg_info
[0.840s] creating ../../build/candidate_package/candidate_package.egg-info
[0.840s] writing ../../build/candidate_package/candidate_package.egg-info/PKG-INFO
[0.840s] writing dependency_links to ../../build/candidate_package/candidate_package.egg-info/dependency_links.txt
[0.840s] writing entry points to ../../build/candidate_package/candidate_package.egg-info/entry_points.txt
[0.841s] writing requirements to ../../build/candidate_package/candidate_package.egg-info/requires.txt
[0.841s] writing top-level names to ../../build/candidate_package/candidate_package.egg-info/top_level.txt
[0.841s] writing manifest file '../../build/candidate_package/candidate_package.egg-info/SOURCES.txt'
[0.842s] reading manifest file '../../build/candidate_package/candidate_package.egg-info/SOURCES.txt'
[0.843s] writing manifest file '../../build/candidate_package/candidate_package.egg-info/SOURCES.txt'
[0.843s] running build
[0.843s] running build_py
[0.843s] creating /home/stajyer-pc/UAV-Assessment-Template/assessment_ws/build/candidate_package/build
[0.844s] creating /home/stajyer-pc/UAV-Assessment-Template/assessment_ws/build/candidate_package/build/lib
[0.844s] creating /home/stajyer-pc/UAV-Assessment-Template/assessment_ws/build/candidate_package/build/lib/candidate_package
[0.844s] copying candidate_package/flight_logic.py -> /home/stajyer-pc/UAV-Assessment-Template/assessment_ws/build/candidate_package/build/lib/candidate_package
[0.844s] copying candidate_package/main.py -> /home/stajyer-pc/UAV-Assessment-Template/assessment_ws/build/candidate_package/build/lib/candidate_package
[0.844s] copying candidate_package/__init__.py -> /home/stajyer-pc/UAV-Assessment-Template/assessment_ws/build/candidate_package/build/lib/candidate_package
[0.844s] running install
[0.844s] running install_lib
[0.845s] creating /home/stajyer-pc/UAV-Assessment-Template/assessment_ws/install/candidate_package/lib/python3.10/site-packages/candidate_package
[0.845s] copying /home/stajyer-pc/UAV-Assessment-Template/assessment_ws/build/candidate_package/build/lib/candidate_package/flight_logic.py -> /home/stajyer-pc/UAV-Assessment-Template/assessment_ws/install/candidate_package/lib/python3.10/site-packages/candidate_package
[0.845s] copying /home/stajyer-pc/UAV-Assessment-Template/assessment_ws/build/candidate_package/build/lib/candidate_package/main.py -> /home/stajyer-pc/UAV-Assessment-Template/assessment_ws/install/candidate_package/lib/python3.10/site-packages/candidate_package
[0.845s] copying /home/stajyer-pc/UAV-Assessment-Template/assessment_ws/build/candidate_package/build/lib/candidate_package/__init__.py -> /home/stajyer-pc/UAV-Assessment-Template/assessment_ws/install/candidate_package/lib/python3.10/site-packages/candidate_package
[0.846s] byte-compiling /home/stajyer-pc/UAV-Assessment-Template/assessment_ws/install/candidate_package/lib/python3.10/site-packages/candidate_package/flight_logic.py to flight_logic.cpython-310.pyc
[0.846s] byte-compiling /home/stajyer-pc/UAV-Assessment-Template/assessment_ws/install/candidate_package/lib/python3.10/site-packages/candidate_package/main.py to main.cpython-310.pyc
[0.847s] byte-compiling /home/stajyer-pc/UAV-Assessment-Template/assessment_ws/install/candidate_package/lib/python3.10/site-packages/candidate_package/__init__.py to __init__.cpython-310.pyc
[0.847s] running install_data
[0.847s] creating /home/stajyer-pc/UAV-Assessment-Template/assessment_ws/install/candidate_package/share/ament_index
[0.847s] creating /home/stajyer-pc/UAV-Assessment-Template/assessment_ws/install/candidate_package/share/ament_index/resource_index
[0.847s] creating /home/stajyer-pc/UAV-Assessment-Template/assessment_ws/install/candidate_package/share/ament_index/resource_index/packages
[0.847s] copying resource/candidate_package -> /home/stajyer-pc/UAV-Assessment-Template/assessment_ws/install/candidate_package/share/ament_index/resource_index/packages
[0.847s] copying package.xml -> /home/stajyer-pc/UAV-Assessment-Template/assessment_ws/install/candidate_package/share/candidate_package
[0.847s] running install_egg_info
[0.850s] Copying ../../build/candidate_package/candidate_package.egg-info to /home/stajyer-pc/UAV-Assessment-Template/assessment_ws/install/candidate_package/lib/python3.10/site-packages/candidate_package-0.0.1-py3.10.egg-info
[0.850s] running install_scripts
[0.870s] Installing run_task script to /home/stajyer-pc/UAV-Assessment-Template/assessment_ws/install/candidate_package/lib/candidate_package
[0.871s] writing list of installed files to '/home/stajyer-pc/UAV-Assessment-Template/assessment_ws/build/candidate_package/install.log'
[0.896s] Invoked command in '/home/stajyer-pc/UAV-Assessment-Template/assessment_ws/src/candidate_package' returned '0': AMENT_PREFIX_PATH=/home/stajyer-pc/UAV-Assessment-Template/assessment_ws/install/mavros_interface:${AMENT_PREFIX_PATH} PYTHONPATH=/home/stajyer-pc/UAV-Assessment-Template/assessment_ws/build/candidate_package/prefix_override:/usr/lib/python3/dist-packages/colcon_core/task/python/colcon_distutils_commands:/home/stajyer-pc/UAV-Assessment-Template/assessment_ws/install/candidate_package/lib/python3.10/site-packages:/home/stajyer-pc/UAV-Assessment-Template/assessment_ws/install/mavros_interface/lib/python3.10/site-packages:${PYTHONPATH} /usr/bin/python3 -W ignore:setup.py install is deprecated -W ignore:easy_install command is deprecated setup.py egg_info --egg-base ../../build/candidate_package build --build-base /home/stajyer-pc/UAV-Assessment-Template/assessment_ws/build/candidate_package/build install --record /home/stajyer-pc/UAV-Assessment-Template/assessment_ws/build/candidate_package/install.log --single-version-externally-managed install_data
